{"time": "2025-01-31 11:55:25,520", "level": "INFO", "module": "logging_setup", "funcName": "log", "message": "[XRPUSDT] => final=BUY, 15m=11,30m=4,1h=8,4h=2,1d=3, combined=37, retest=None"}
{"time": "2025-01-31 11:55:27,339", "level": "INFO", "module": "logging_setup", "funcName": "log", "message": "[XRPUSDT] => final=BUY, 15m=11,30m=4,1h=8,4h=2,1d=3, combined=37, retest=None"}
{"time": "2025-01-31 11:55:29,126", "level": "INFO", "module": "logging_setup", "funcName": "log", "message": "[XRPUSDT] => final=BUY, 15m=11,30m=4,1h=8,4h=2,1d=3, combined=37, retest=None"}
{"time": "2025-01-31 11:55:30,858", "level": "INFO", "module": "logging_setup", "funcName": "log", "message": "[XRPUSDT] => final=BUY, 15m=11,30m=4,1h=8,4h=2,1d=3, combined=37, retest=None"}
{"time": "2025-01-31 11:55:32,598", "level": "INFO", "module": "logging_setup", "funcName": "log", "message": "[XRPUSDT] => final=BUY, 15m=11,30m=4,1h=8,4h=2,1d=3, combined=37, retest=None"}
{"time": "2025-01-31 11:55:34,354", "level": "INFO", "module": "logging_setup", "funcName": "log", "message": "[XRPUSDT] => final=BUY, 15m=11,30m=4,1h=8,4h=2,1d=3, combined=37, retest=None"}
{"time": "2025-01-31 11:55:36,087", "level": "INFO", "module": "logging_setup", "funcName": "log", "message": "[XRPUSDT] => final=BUY, 15m=11,30m=4,1h=8,4h=2,1d=3, combined=37, retest=None"}
{"time": "2025-01-31 11:55:37,907", "level": "INFO", "module": "logging_setup", "funcName": "log", "message": "[XRPUSDT] => final=BUY, 15m=11,30m=4,1h=8,4h=2,1d=3, combined=37, retest=None"}
{"time": "2025-01-31 11:55:39,644", "level": "INFO", "module": "logging_setup", "funcName": "log", "message": "[XRPUSDT] => final=BUY, 15m=11,30m=4,1h=8,4h=2,1d=3, combined=37, retest=None"}
{"time": "2025-01-31 11:55:41,381", "level": "INFO", "module": "logging_setup", "funcName": "log", "message": "[XRPUSDT] => final=BUY, 15m=11,30m=4,1h=8,4h=2,1d=3, combined=37, retest=None"}
{"time": "2025-01-31 11:55:43,172", "level": "INFO", "module": "logging_setup", "funcName": "log", "message": "[XRPUSDT] => final=BUY, 15m=11,30m=4,1h=8,4h=2,1d=3, combined=37, retest=None"}
{"time": "2025-01-31 11:55:44,886", "level": "INFO", "module": "logging_setup", "funcName": "log", "message": "[XRPUSDT] => final=BUY, 15m=11,30m=4,1h=8,4h=2,1d=3, combined=37, retest=None"}
{"time": "2025-01-31 11:55:46,627", "level": "INFO", "module": "logging_setup", "funcName": "log", "message": "[XRPUSDT] => final=BUY, 15m=11,30m=4,1h=8,4h=2,1d=3, combined=37, retest=None"}
{"time": "2025-01-31 11:55:48,491", "level": "INFO", "module": "logging_setup", "funcName": "log", "message": "[XRPUSDT] => final=BUY, 15m=11,30m=4,1h=8,4h=2,1d=3, combined=37, retest=None"}
{"time": "2025-01-31 11:55:56,394", "level": "INFO", "module": "logging_setup", "funcName": "log", "message": "[XRPUSDT] => final=BUY, 15m=11,30m=4,1h=8,4h=2,1d=3, combined=37, retest=None"}
{"time": "2025-01-31 11:55:58,159", "level": "INFO", "module": "logging_setup", "funcName": "log", "message": "[XRPUSDT] => final=BUY, 15m=11,30m=4,1h=8,4h=2,1d=3, combined=37, retest=None"}
{"time": "2025-01-31 11:55:59,980", "level": "INFO", "module": "logging_setup", "funcName": "log", "message": "[XRPUSDT] => final=BUY, 15m=11,30m=4,1h=8,4h=2,1d=3, combined=37, retest=None"}
{"time": "2025-01-31 11:56:01,709", "level": "INFO", "module": "logging_setup", "funcName": "log", "message": "[XRPUSDT] => final=BUY, 15m=11,30m=4,1h=8,4h=2,1d=3, combined=37, retest=None"}
{"time": "2025-01-31 11:56:52,474", "level": "INFO", "module": "logging_setup", "funcName": "log", "message": "[XRPUSDT] => final=BUY, 15m=11,30m=4,1h=8,4h=2,1d=3, combined=37, retest=None"}
{"time": "2025-01-31 11:56:54,150", "level": "INFO", "module": "logging_setup", "funcName": "log", "message": "[XRPUSDT] => final=BUY, 15m=11,30m=4,1h=8,4h=2,1d=3, combined=37, retest=None"}
{"time": "2025-01-31 11:56:55,876", "level": "INFO", "module": "logging_setup", "funcName": "log", "message": "[XRPUSDT] => final=BUY, 15m=11,30m=4,1h=8,4h=2,1d=3, combined=37, retest=None"}
{"time": "2025-01-31 11:56:57,557", "level": "INFO", "module": "logging_setup", "funcName": "log", "message": "[XRPUSDT] => final=BUY, 15m=11,30m=4,1h=8,4h=2,1d=3, combined=37, retest=None"}
{"time": "2025-01-31 11:57:06,355", "level": "INFO", "module": "logging_setup", "funcName": "log", "message": "[XRPUSDT] => final=BUY, 15m=11,30m=4,1h=8,4h=2,1d=3, combined=37, retest=None"}
{"time": "2025-01-31 11:57:09,239", "level": "INFO", "module": "logging_setup", "funcName": "log", "message": "[XRPUSDT] => final=BUY, 15m=11,30m=4,1h=8,4h=2,1d=3, combined=37, retest=None"}
{"time": "2025-01-31 11:57:12,013", "level": "INFO", "module": "logging_setup", "funcName": "log", "message": "[XRPUSDT] => final=BUY, 15m=11,30m=4,1h=8,4h=2,1d=3, combined=37, retest=None"}
{"time": "2025-01-31 11:57:13,694", "level": "INFO", "module": "logging_setup", "funcName": "log", "message": "[XRPUSDT] => final=BUY, 15m=11,30m=4,1h=8,4h=2,1d=3, combined=37, retest=None"}
{"time": "2025-01-31 11:57:15,351", "level": "INFO", "module": "logging_setup", "funcName": "log", "message": "[XRPUSDT] => final=BUY, 15m=11,30m=4,1h=8,4h=2,1d=3, combined=37, retest=None"}
{"time": "2025-01-31 11:57:17,069", "level": "INFO", "module": "logging_setup", "funcName": "log", "message": "[XRPUSDT] => final=BUY, 15m=11,30m=4,1h=8,4h=2,1d=3, combined=37, retest=None"}
{"time": "2025-01-31 11:57:18,785", "level": "INFO", "module": "logging_setup", "funcName": "log", "message": "[XRPUSDT] => final=BUY, 15m=11,30m=4,1h=8,4h=2,1d=3, combined=37, retest=None"}
{"time": "2025-01-31 11:57:20,474", "level": "INFO", "module": "logging_setup", "funcName": "log", "message": "[XRPUSDT] => final=BUY, 15m=11,30m=4,1h=8,4h=2,1d=3, combined=37, retest=None"}
{"time": "2025-01-31 11:57:22,268", "level": "INFO", "module": "logging_setup", "funcName": "log", "message": "[XRPUSDT] => final=BUY, 15m=11,30m=4,1h=8,4h=2,1d=3, combined=37, retest=None"}
{"time": "2025-01-31 11:57:24,253", "level": "INFO", "module": "logging_setup", "funcName": "log", "message": "[XRPUSDT] => final=BUY, 15m=11,30m=4,1h=8,4h=2,1d=3, combined=37, retest=None"}
{"time": "2025-01-31 11:57:25,946", "level": "INFO", "module": "logging_setup", "funcName": "log", "message": "[XRPUSDT] => final=BUY, 15m=11,30m=4,1h=8,4h=2,1d=3, combined=37, retest=None"}
{"time": "2025-01-31 11:57:27,660", "level": "INFO", "module": "logging_setup", "funcName": "log", "message": "[XRPUSDT] => final=BUY, 15m=11,30m=4,1h=8,4h=2,1d=3, combined=37, retest=None"}
{"time": "2025-01-31 11:57:29,435", "level": "INFO", "module": "logging_setup", "funcName": "log", "message": "[XRPUSDT] => final=BUY, 15m=11,30m=4,1h=8,4h=2,1d=3, combined=37, retest=None"}
{"time": "2025-01-31 11:57:31,167", "level": "INFO", "module": "logging_setup", "funcName": "log", "message": "[XRPUSDT] => final=BUY, 15m=11,30m=4,1h=8,4h=2,1d=3, combined=37, retest=None"}
{"time": "2025-01-31 11:57:32,963", "level": "INFO", "module": "logging_setup", "funcName": "log", "message": "[XRPUSDT] => final=BUY, 15m=11,30m=4,1h=8,4h=2,1d=3, combined=37, retest=None"}
{"time": "2025-01-31 11:57:34,677", "level": "INFO", "module": "logging_setup", "funcName": "log", "message": "[XRPUSDT] => final=BUY, 15m=11,30m=4,1h=8,4h=2,1d=3, combined=37, retest=None"}
{"time": "2025-01-31 11:57:36,423", "level": "INFO", "module": "logging_setup", "funcName": "log", "message": "[XRPUSDT] => final=BUY, 15m=11,30m=4,1h=8,4h=2,1d=3, combined=37, retest=None"}
{"time": "2025-01-31 11:57:38,126", "level": "INFO", "module": "logging_setup", "funcName": "log", "message": "[XRPUSDT] => final=BUY, 15m=11,30m=4,1h=8,4h=2,1d=3, combined=37, retest=None"}
{"time": "2025-01-31 11:57:39,877", "level": "INFO", "module": "logging_setup", "funcName": "log", "message": "[XRPUSDT] => final=BUY, 15m=11,30m=4,1h=8,4h=2,1d=3, combined=37, retest=None"}
{"time": "2025-01-31 11:57:41,623", "level": "INFO", "module": "logging_setup", "funcName": "log", "message": "[XRPUSDT] => final=BUY, 15m=11,30m=4,1h=8,4h=2,1d=3, combined=37, retest=None"}
{"time": "2025-01-31 11:57:43,458", "level": "INFO", "module": "logging_setup", "funcName": "log", "message": "[XRPUSDT] => final=BUY, 15m=11,30m=4,1h=8,4h=2,1d=3, combined=37, retest=None"}
{"time": "2025-01-31 11:57:45,302", "level": "INFO", "module": "logging_setup", "funcName": "log", "message": "[XRPUSDT] => final=BUY, 15m=11,30m=4,1h=8,4h=2,1d=3, combined=37, retest=None"}
{"time": "2025-01-31 11:57:46,997", "level": "INFO", "module": "logging_setup", "funcName": "log", "message": "[XRPUSDT] => final=BUY, 15m=11,30m=4,1h=8,4h=2,1d=3, combined=37, retest=None"}
{"time": "2025-01-31 11:57:48,749", "level": "INFO", "module": "logging_setup", "funcName": "log", "message": "[XRPUSDT] => final=BUY, 15m=11,30m=4,1h=8,4h=2,1d=3, combined=37, retest=None"}
{"time": "2025-01-31 11:57:50,611", "level": "INFO", "module": "logging_setup", "funcName": "log", "message": "[XRPUSDT] => final=BUY, 15m=11,30m=4,1h=8,4h=2,1d=3, combined=37, retest=None"}
{"time": "2025-01-31 11:57:52,341", "level": "INFO", "module": "logging_setup", "funcName": "log", "message": "[XRPUSDT] => final=BUY, 15m=11,30m=4,1h=8,4h=2,1d=3, combined=37, retest=None"}
{"time": "2025-01-31 12:27:52,783", "level": "INFO", "module": "logging_setup", "funcName": "log", "message": "[XRPUSDT] => final=BUY, 15m=11,30m=4,1h=8,4h=2,1d=3, combined=37, retest=None"}
{"time": "2025-01-31 12:27:52,984", "level": "ERROR", "module": "logging_setup", "funcName": "log", "message": "[get_balance] => unknown => ('Connection aborted.', RemoteDisconnected('Remote end closed connection without response'))\nTraceback (most recent call last):\n  File \"/Users/user/Documents/Binance-Trading-Bot-main/.venv/lib/python3.10/site-packages/urllib3/connectionpool.py\", line 787, in urlopen\n    response = self._make_request(\n  File \"/Users/user/Documents/Binance-Trading-Bot-main/.venv/lib/python3.10/site-packages/urllib3/connectionpool.py\", line 534, in _make_request\n    response = conn.getresponse()\n  File \"/Users/user/Documents/Binance-Trading-Bot-main/.venv/lib/python3.10/site-packages/urllib3/connection.py\", line 516, in getresponse\n    httplib_response = super().getresponse()\n  File \"/usr/local/Cellar/python@3.10/3.10.16/Frameworks/Python.framework/Versions/3.10/lib/python3.10/http/client.py\", line 1375, in getresponse\n    response.begin()\n  File \"/usr/local/Cellar/python@3.10/3.10.16/Frameworks/Python.framework/Versions/3.10/lib/python3.10/http/client.py\", line 318, in begin\n    version, status, reason = self._read_status()\n  File \"/usr/local/Cellar/python@3.10/3.10.16/Frameworks/Python.framework/Versions/3.10/lib/python3.10/http/client.py\", line 287, in _read_status\n    raise RemoteDisconnected(\"Remote end closed connection without\"\nhttp.client.RemoteDisconnected: Remote end closed connection without response\n\nDuring handling of the above exception, another exception occurred:\n\nTraceback (most recent call last):\n  File \"/Users/user/Documents/Binance-Trading-Bot-main/.venv/lib/python3.10/site-packages/requests/adapters.py\", line 667, in send\n    resp = conn.urlopen(\n  File \"/Users/user/Documents/Binance-Trading-Bot-main/.venv/lib/python3.10/site-packages/urllib3/connectionpool.py\", line 841, in urlopen\n    retries = retries.increment(\n  File \"/Users/user/Documents/Binance-Trading-Bot-main/.venv/lib/python3.10/site-packages/urllib3/util/retry.py\", line 474, in increment\n    raise reraise(type(error), error, _stacktrace)\n  File \"/Users/user/Documents/Binance-Trading-Bot-main/.venv/lib/python3.10/site-packages/urllib3/util/util.py\", line 38, in reraise\n    raise value.with_traceback(tb)\n  File \"/Users/user/Documents/Binance-Trading-Bot-main/.venv/lib/python3.10/site-packages/urllib3/connectionpool.py\", line 787, in urlopen\n    response = self._make_request(\n  File \"/Users/user/Documents/Binance-Trading-Bot-main/.venv/lib/python3.10/site-packages/urllib3/connectionpool.py\", line 534, in _make_request\n    response = conn.getresponse()\n  File \"/Users/user/Documents/Binance-Trading-Bot-main/.venv/lib/python3.10/site-packages/urllib3/connection.py\", line 516, in getresponse\n    httplib_response = super().getresponse()\n  File \"/usr/local/Cellar/python@3.10/3.10.16/Frameworks/Python.framework/Versions/3.10/lib/python3.10/http/client.py\", line 1375, in getresponse\n    response.begin()\n  File \"/usr/local/Cellar/python@3.10/3.10.16/Frameworks/Python.framework/Versions/3.10/lib/python3.10/http/client.py\", line 318, in begin\n    version, status, reason = self._read_status()\n  File \"/usr/local/Cellar/python@3.10/3.10.16/Frameworks/Python.framework/Versions/3.10/lib/python3.10/http/client.py\", line 287, in _read_status\n    raise RemoteDisconnected(\"Remote end closed connection without\"\nurllib3.exceptions.ProtocolError: ('Connection aborted.', RemoteDisconnected('Remote end closed connection without response'))\n\nDuring handling of the above exception, another exception occurred:\n\nTraceback (most recent call last):\n  File \"/Users/user/Documents/Binance-Trading-Bot-main/advanced_bot2/exchange_clients/binance_spot_manager_async.py\", line 148, in get_balance\n    bal_info = await self._call_sync(self.client.get_asset_balance, asset=asset)\n  File \"/Users/user/Documents/Binance-Trading-Bot-main/advanced_bot2/exchange_clients/binance_spot_manager_async.py\", line 57, in _call_sync\n    return await loop.run_in_executor(self._executor, lambda: func(*args, **kwargs))\n  File \"/usr/local/Cellar/python@3.10/3.10.16/Frameworks/Python.framework/Versions/3.10/lib/python3.10/concurrent/futures/thread.py\", line 58, in run\n    result = self.fn(*self.args, **self.kwargs)\n  File \"/Users/user/Documents/Binance-Trading-Bot-main/advanced_bot2/exchange_clients/binance_spot_manager_async.py\", line 57, in <lambda>\n    return await loop.run_in_executor(self._executor, lambda: func(*args, **kwargs))\n  File \"/Users/user/Documents/Binance-Trading-Bot-main/.venv/lib/python3.10/site-packages/binance/client.py\", line 2059, in get_asset_balance\n    res = self.get_account(**params)\n  File \"/Users/user/Documents/Binance-Trading-Bot-main/.venv/lib/python3.10/site-packages/binance/client.py\", line 2036, in get_account\n    return self._get(\"account\", True, data=params)\n  File \"/Users/user/Documents/Binance-Trading-Bot-main/.venv/lib/python3.10/site-packages/binance/client.py\", line 176, in _get\n    return self._request_api(\"get\", path, signed, version, **kwargs)\n  File \"/Users/user/Documents/Binance-Trading-Bot-main/.venv/lib/python3.10/site-packages/binance/client.py\", line 113, in _request_api\n    return self._request(method, uri, signed, **kwargs)\n  File \"/Users/user/Documents/Binance-Trading-Bot-main/.venv/lib/python3.10/site-packages/binance/client.py\", line 88, in _request\n    self.response = getattr(self.session, method)(uri, headers=headers, data=data, **kwargs)\n  File \"/Users/user/Documents/Binance-Trading-Bot-main/.venv/lib/python3.10/site-packages/requests/sessions.py\", line 602, in get\n    return self.request(\"GET\", url, **kwargs)\n  File \"/Users/user/Documents/Binance-Trading-Bot-main/.venv/lib/python3.10/site-packages/requests/sessions.py\", line 589, in request\n    resp = self.send(prep, **send_kwargs)\n  File \"/Users/user/Documents/Binance-Trading-Bot-main/.venv/lib/python3.10/site-packages/requests/sessions.py\", line 703, in send\n    r = adapter.send(request, **kwargs)\n  File \"/Users/user/Documents/Binance-Trading-Bot-main/.venv/lib/python3.10/site-packages/requests/adapters.py\", line 682, in send\n    raise ConnectionError(err, request=request)\nrequests.exceptions.ConnectionError: ('Connection aborted.', RemoteDisconnected('Remote end closed connection without response'))\n"}
{"time": "2025-01-31 12:27:52,984", "level": "WARNING", "module": "logging_setup", "funcName": "log", "message": "[DDCheck] => drawdown=100.00%>15.00% => closeAll"}
{"time": "2025-01-31 12:27:55,615", "level": "INFO", "module": "logging_setup", "funcName": "log", "message": "[XRPUSDT] => final=BUY, 15m=11,30m=4,1h=8,4h=2,1d=3, combined=37, retest=None"}
{"time": "2025-01-31 12:27:58,109", "level": "INFO", "module": "logging_setup", "funcName": "log", "message": "[XRPUSDT] => final=BUY, 15m=11,30m=4,1h=8,4h=2,1d=3, combined=37, retest=None"}
{"time": "2025-01-31 12:28:00,562", "level": "INFO", "module": "logging_setup", "funcName": "log", "message": "[XRPUSDT] => final=BUY, 15m=11,30m=4,1h=8,4h=2,1d=3, combined=37, retest=None"}
{"time": "2025-01-31 12:28:02,327", "level": "INFO", "module": "logging_setup", "funcName": "log", "message": "[XRPUSDT] => final=BUY, 15m=11,30m=4,1h=8,4h=2,1d=3, combined=37, retest=None"}
{"time": "2025-01-31 12:28:05,187", "level": "INFO", "module": "logging_setup", "funcName": "log", "message": "[XRPUSDT] => final=BUY, 15m=11,30m=4,1h=8,4h=2,1d=3, combined=37, retest=None"}
{"time": "2025-01-31 12:28:08,069", "level": "INFO", "module": "logging_setup", "funcName": "log", "message": "[XRPUSDT] => final=BUY, 15m=11,30m=4,1h=8,4h=2,1d=3, combined=37, retest=None"}
{"time": "2025-01-31 12:28:10,811", "level": "INFO", "module": "logging_setup", "funcName": "log", "message": "[XRPUSDT] => final=BUY, 15m=11,30m=4,1h=8,4h=2,1d=3, combined=37, retest=None"}
{"time": "2025-01-31 12:28:13,628", "level": "INFO", "module": "logging_setup", "funcName": "log", "message": "[XRPUSDT] => final=BUY, 15m=11,30m=4,1h=8,4h=2,1d=3, combined=37, retest=None"}
{"time": "2025-01-31 12:28:16,385", "level": "INFO", "module": "logging_setup", "funcName": "log", "message": "[XRPUSDT] => final=BUY, 15m=11,30m=4,1h=8,4h=2,1d=3, combined=37, retest=None"}
{"time": "2025-01-31 12:28:19,179", "level": "INFO", "module": "logging_setup", "funcName": "log", "message": "[XRPUSDT] => final=BUY, 15m=11,30m=4,1h=8,4h=2,1d=3, combined=37, retest=None"}
{"time": "2025-01-31 12:28:21,814", "level": "INFO", "module": "logging_setup", "funcName": "log", "message": "[XRPUSDT] => final=BUY, 15m=11,30m=4,1h=8,4h=2,1d=3, combined=37, retest=None"}
{"time": "2025-01-31 12:28:25,370", "level": "INFO", "module": "logging_setup", "funcName": "log", "message": "[XRPUSDT] => final=BUY, 15m=11,30m=4,1h=8,4h=2,1d=3, combined=37, retest=None"}
{"time": "2025-01-31 12:28:30,287", "level": "INFO", "module": "logging_setup", "funcName": "log", "message": "[XRPUSDT] => final=BUY, 15m=11,30m=4,1h=8,4h=2,1d=3, combined=37, retest=None"}
{"time": "2025-01-31 12:28:35,524", "level": "INFO", "module": "logging_setup", "funcName": "log", "message": "[XRPUSDT] => final=BUY, 15m=11,30m=4,1h=8,4h=2,1d=3, combined=37, retest=None"}
{"time": "2025-01-31 12:28:41,659", "level": "INFO", "module": "logging_setup", "funcName": "log", "message": "[XRPUSDT] => final=BUY, 15m=11,30m=4,1h=8,4h=2,1d=3, combined=37, retest=None"}
{"time": "2025-01-31 12:28:46,757", "level": "INFO", "module": "logging_setup", "funcName": "log", "message": "[XRPUSDT] => final=BUY, 15m=11,30m=4,1h=8,4h=2,1d=3, combined=37, retest=None"}
{"time": "2025-01-31 12:28:51,313", "level": "INFO", "module": "logging_setup", "funcName": "log", "message": "[XRPUSDT] => final=BUY, 15m=11,30m=4,1h=8,4h=2,1d=3, combined=37, retest=None"}
{"time": "2025-01-31 12:28:56,327", "level": "INFO", "module": "logging_setup", "funcName": "log", "message": "[XRPUSDT] => final=BUY, 15m=11,30m=4,1h=8,4h=2,1d=3, combined=37, retest=None"}
{"time": "2025-01-31 12:29:00,969", "level": "INFO", "module": "logging_setup", "funcName": "log", "message": "[XRPUSDT] => final=BUY, 15m=11,30m=4,1h=8,4h=2,1d=3, combined=37, retest=None"}
{"time": "2025-01-31 12:29:05,484", "level": "INFO", "module": "logging_setup", "funcName": "log", "message": "[XRPUSDT] => final=BUY, 15m=11,30m=4,1h=8,4h=2,1d=3, combined=37, retest=None"}
{"time": "2025-01-31 12:29:09,894", "level": "INFO", "module": "logging_setup", "funcName": "log", "message": "[XRPUSDT] => final=BUY, 15m=11,30m=4,1h=8,4h=2,1d=3, combined=37, retest=None"}
{"time": "2025-01-31 12:29:14,408", "level": "INFO", "module": "logging_setup", "funcName": "log", "message": "[XRPUSDT] => final=BUY, 15m=11,30m=4,1h=8,4h=2,1d=3, combined=37, retest=None"}
{"time": "2025-01-31 12:29:18,935", "level": "INFO", "module": "logging_setup", "funcName": "log", "message": "[XRPUSDT] => final=BUY, 15m=11,30m=4,1h=8,4h=2,1d=3, combined=37, retest=None"}
{"time": "2025-01-31 12:29:23,417", "level": "INFO", "module": "logging_setup", "funcName": "log", "message": "[XRPUSDT] => final=BUY, 15m=11,30m=4,1h=8,4h=2,1d=3, combined=37, retest=None"}
{"time": "2025-01-31 12:29:27,717", "level": "INFO", "module": "logging_setup", "funcName": "log", "message": "[XRPUSDT] => final=BUY, 15m=11,30m=4,1h=8,4h=2,1d=3, combined=37, retest=None"}
{"time": "2025-01-31 12:29:46,411", "level": "INFO", "module": "logging_setup", "funcName": "log", "message": "[XRPUSDT] => final=BUY, 15m=11,30m=4,1h=8,4h=2,1d=3, combined=37, retest=None"}
{"time": "2025-01-31 12:29:50,620", "level": "INFO", "module": "logging_setup", "funcName": "log", "message": "[XRPUSDT] => final=BUY, 15m=11,30m=4,1h=8,4h=2,1d=3, combined=37, retest=None"}
{"time": "2025-01-31 12:29:55,148", "level": "INFO", "module": "logging_setup", "funcName": "log", "message": "[XRPUSDT] => final=BUY, 15m=11,30m=4,1h=8,4h=2,1d=3, combined=37, retest=None"}
{"time": "2025-01-31 12:32:33,184", "level": "INFO", "module": "logging_setup", "funcName": "log", "message": "[XRPUSDT] => final=BUY, 15m=11,30m=11,1h=10,4h=2,1d=3, combined=48, retest=None"}
{"time": "2025-01-31 12:32:38,330", "level": "INFO", "module": "logging_setup", "funcName": "log", "message": "[XRPUSDT] => final=BUY, 15m=11,30m=11,1h=10,4h=2,1d=3, combined=48, retest=None"}
{"time": "2025-01-31 12:32:43,363", "level": "INFO", "module": "logging_setup", "funcName": "log", "message": "[XRPUSDT] => final=BUY, 15m=11,30m=11,1h=10,4h=2,1d=3, combined=48, retest=None"}
{"time": "2025-01-31 12:32:48,379", "level": "INFO", "module": "logging_setup", "funcName": "log", "message": "[XRPUSDT] => final=BUY, 15m=11,30m=11,1h=10,4h=2,1d=3, combined=48, retest=None"}
{"time": "2025-01-31 12:32:53,173", "level": "INFO", "module": "logging_setup", "funcName": "log", "message": "[XRPUSDT] => final=BUY, 15m=11,30m=11,1h=10,4h=2,1d=3, combined=48, retest=None"}
{"time": "2025-01-31 12:32:57,064", "level": "INFO", "module": "logging_setup", "funcName": "log", "message": "[XRPUSDT] => final=BUY, 15m=11,30m=11,1h=10,4h=2,1d=3, combined=48, retest=None"}
{"time": "2025-01-31 12:33:00,852", "level": "INFO", "module": "logging_setup", "funcName": "log", "message": "[XRPUSDT] => final=BUY, 15m=11,30m=11,1h=10,4h=2,1d=3, combined=48, retest=None"}
{"time": "2025-01-31 12:33:05,366", "level": "INFO", "module": "logging_setup", "funcName": "log", "message": "[XRPUSDT] => final=BUY, 15m=11,30m=11,1h=10,4h=2,1d=3, combined=48, retest=None"}
{"time": "2025-01-31 12:33:09,219", "level": "INFO", "module": "logging_setup", "funcName": "log", "message": "[XRPUSDT] => final=BUY, 15m=11,30m=11,1h=10,4h=2,1d=3, combined=48, retest=None"}
{"time": "2025-01-31 12:33:12,856", "level": "INFO", "module": "logging_setup", "funcName": "log", "message": "[XRPUSDT] => final=BUY, 15m=11,30m=11,1h=10,4h=2,1d=3, combined=48, retest=None"}
{"time": "2025-01-31 12:33:16,627", "level": "INFO", "module": "logging_setup", "funcName": "log", "message": "[XRPUSDT] => final=BUY, 15m=11,30m=11,1h=10,4h=2,1d=3, combined=48, retest=None"}
{"time": "2025-01-31 12:33:20,806", "level": "INFO", "module": "logging_setup", "funcName": "log", "message": "[XRPUSDT] => final=BUY, 15m=11,30m=11,1h=10,4h=2,1d=3, combined=48, retest=None"}
{"time": "2025-01-31 12:33:25,525", "level": "INFO", "module": "logging_setup", "funcName": "log", "message": "[XRPUSDT] => final=BUY, 15m=11,30m=11,1h=10,4h=2,1d=3, combined=48, retest=None"}
{"time": "2025-01-31 12:33:30,007", "level": "INFO", "module": "logging_setup", "funcName": "log", "message": "[XRPUSDT] => final=BUY, 15m=11,30m=11,1h=10,4h=2,1d=3, combined=48, retest=None"}
{"time": "2025-01-31 12:33:34,620", "level": "INFO", "module": "logging_setup", "funcName": "log", "message": "[XRPUSDT] => final=BUY, 15m=11,30m=11,1h=10,4h=2,1d=3, combined=48, retest=None"}
{"time": "2025-01-31 12:33:39,444", "level": "INFO", "module": "logging_setup", "funcName": "log", "message": "[XRPUSDT] => final=BUY, 15m=11,30m=11,1h=10,4h=2,1d=3, combined=48, retest=None"}
{"time": "2025-01-31 12:33:43,666", "level": "INFO", "module": "logging_setup", "funcName": "log", "message": "[XRPUSDT] => final=BUY, 15m=11,30m=11,1h=10,4h=2,1d=3, combined=48, retest=None"}
{"time": "2025-01-31 12:33:47,793", "level": "INFO", "module": "logging_setup", "funcName": "log", "message": "[XRPUSDT] => final=BUY, 15m=11,30m=11,1h=10,4h=2,1d=3, combined=48, retest=None"}
{"time": "2025-01-31 12:33:53,275", "level": "INFO", "module": "logging_setup", "funcName": "log", "message": "[XRPUSDT] => final=BUY, 15m=11,30m=11,1h=10,4h=2,1d=3, combined=48, retest=None"}
{"time": "2025-01-31 12:33:57,547", "level": "INFO", "module": "logging_setup", "funcName": "log", "message": "[XRPUSDT] => final=BUY, 15m=11,30m=11,1h=10,4h=2,1d=3, combined=48, retest=None"}
{"time": "2025-01-31 12:34:01,470", "level": "INFO", "module": "logging_setup", "funcName": "log", "message": "[XRPUSDT] => final=BUY, 15m=11,30m=11,1h=10,4h=2,1d=3, combined=48, retest=None"}
{"time": "2025-01-31 12:34:06,084", "level": "INFO", "module": "logging_setup", "funcName": "log", "message": "[XRPUSDT] => final=BUY, 15m=11,30m=11,1h=10,4h=2,1d=3, combined=48, retest=None"}
{"time": "2025-01-31 12:34:10,090", "level": "INFO", "module": "logging_setup", "funcName": "log", "message": "[XRPUSDT] => final=BUY, 15m=11,30m=11,1h=10,4h=2,1d=3, combined=48, retest=None"}
{"time": "2025-01-31 12:34:13,932", "level": "INFO", "module": "logging_setup", "funcName": "log", "message": "[XRPUSDT] => final=BUY, 15m=11,30m=11,1h=10,4h=2,1d=3, combined=48, retest=None"}
{"time": "2025-01-31 12:34:17,905", "level": "INFO", "module": "logging_setup", "funcName": "log", "message": "[XRPUSDT] => final=BUY, 15m=11,30m=11,1h=10,4h=2,1d=3, combined=48, retest=None"}
{"time": "2025-01-31 12:34:22,558", "level": "INFO", "module": "logging_setup", "funcName": "log", "message": "[XRPUSDT] => final=BUY, 15m=11,30m=11,1h=10,4h=2,1d=3, combined=48, retest=None"}
{"time": "2025-01-31 12:34:27,562", "level": "INFO", "module": "logging_setup", "funcName": "log", "message": "[XRPUSDT] => final=BUY, 15m=11,30m=11,1h=10,4h=2,1d=3, combined=48, retest=None"}
{"time": "2025-01-31 12:34:32,243", "level": "INFO", "module": "logging_setup", "funcName": "log", "message": "[XRPUSDT] => final=BUY, 15m=11,30m=11,1h=10,4h=2,1d=3, combined=48, retest=None"}
{"time": "2025-01-31 12:34:37,017", "level": "INFO", "module": "logging_setup", "funcName": "log", "message": "[XRPUSDT] => final=BUY, 15m=11,30m=11,1h=10,4h=2,1d=3, combined=48, retest=None"}
{"time": "2025-01-31 12:34:41,773", "level": "INFO", "module": "logging_setup", "funcName": "log", "message": "[XRPUSDT] => final=BUY, 15m=11,30m=11,1h=10,4h=2,1d=3, combined=48, retest=None"}
{"time": "2025-01-31 12:34:46,451", "level": "INFO", "module": "logging_setup", "funcName": "log", "message": "[XRPUSDT] => final=BUY, 15m=11,30m=11,1h=10,4h=2,1d=3, combined=48, retest=None"}
{"time": "2025-01-31 12:34:51,467", "level": "INFO", "module": "logging_setup", "funcName": "log", "message": "[XRPUSDT] => final=BUY, 15m=11,30m=11,1h=10,4h=2,1d=3, combined=48, retest=None"}
{"time": "2025-01-31 12:34:56,022", "level": "INFO", "module": "logging_setup", "funcName": "log", "message": "[XRPUSDT] => final=BUY, 15m=11,30m=11,1h=10,4h=2,1d=3, combined=48, retest=None"}
{"time": "2025-01-31 12:35:00,771", "level": "INFO", "module": "logging_setup", "funcName": "log", "message": "[XRPUSDT] => final=BUY, 15m=11,30m=11,1h=10,4h=2,1d=3, combined=48, retest=None"}
{"time": "2025-01-31 12:35:05,509", "level": "INFO", "module": "logging_setup", "funcName": "log", "message": "[XRPUSDT] => final=BUY, 15m=11,30m=11,1h=10,4h=2,1d=3, combined=48, retest=None"}
{"time": "2025-01-31 12:35:10,146", "level": "INFO", "module": "logging_setup", "funcName": "log", "message": "[XRPUSDT] => final=BUY, 15m=11,30m=11,1h=10,4h=2,1d=3, combined=48, retest=None"}
{"time": "2025-01-31 12:35:14,736", "level": "INFO", "module": "logging_setup", "funcName": "log", "message": "[XRPUSDT] => final=BUY, 15m=11,30m=11,1h=10,4h=2,1d=3, combined=48, retest=None"}
{"time": "2025-01-31 12:35:36,889", "level": "INFO", "module": "logging_setup", "funcName": "log", "message": "[XRPUSDT] => final=BUY, 15m=11,30m=11,1h=10,4h=2,1d=3, combined=48, retest=None"}
{"time": "2025-01-31 12:37:44,311", "level": "INFO", "module": "logging_setup", "funcName": "log", "message": "[XRPUSDT] => final=BUY, 15m=11,30m=9,1h=10,4h=2,1d=3, combined=46, retest=None"}
{"time": "2025-01-31 12:37:47,210", "level": "INFO", "module": "logging_setup", "funcName": "log", "message": "[XRPUSDT] => final=BUY, 15m=11,30m=9,1h=10,4h=2,1d=3, combined=46, retest=None"}
{"time": "2025-01-31 12:37:49,912", "level": "INFO", "module": "logging_setup", "funcName": "log", "message": "[XRPUSDT] => final=BUY, 15m=11,30m=9,1h=10,4h=2,1d=3, combined=46, retest=None"}
{"time": "2025-01-31 12:37:52,903", "level": "INFO", "module": "logging_setup", "funcName": "log", "message": "[XRPUSDT] => final=BUY, 15m=11,30m=9,1h=10,4h=2,1d=3, combined=46, retest=None"}
{"time": "2025-01-31 12:37:56,254", "level": "INFO", "module": "logging_setup", "funcName": "log", "message": "[XRPUSDT] => final=BUY, 15m=11,30m=9,1h=10,4h=2,1d=3, combined=46, retest=None"}
{"time": "2025-01-31 12:37:59,625", "level": "INFO", "module": "logging_setup", "funcName": "log", "message": "[XRPUSDT] => final=BUY, 15m=11,30m=9,1h=10,4h=2,1d=3, combined=46, retest=None"}
{"time": "2025-01-31 12:38:03,124", "level": "INFO", "module": "logging_setup", "funcName": "log", "message": "[XRPUSDT] => final=BUY, 15m=11,30m=9,1h=10,4h=2,1d=3, combined=46, retest=None"}
{"time": "2025-01-31 12:38:06,899", "level": "INFO", "module": "logging_setup", "funcName": "log", "message": "[XRPUSDT] => final=BUY, 15m=11,30m=9,1h=10,4h=2,1d=3, combined=46, retest=None"}
{"time": "2025-01-31 12:38:11,335", "level": "INFO", "module": "logging_setup", "funcName": "log", "message": "[XRPUSDT] => final=BUY, 15m=11,30m=9,1h=10,4h=2,1d=3, combined=46, retest=None"}
{"time": "2025-01-31 12:38:16,426", "level": "INFO", "module": "logging_setup", "funcName": "log", "message": "[XRPUSDT] => final=BUY, 15m=11,30m=9,1h=10,4h=2,1d=3, combined=46, retest=None"}
{"time": "2025-01-31 12:38:23,092", "level": "INFO", "module": "logging_setup", "funcName": "log", "message": "[XRPUSDT] => final=BUY, 15m=11,30m=9,1h=10,4h=2,1d=3, combined=46, retest=None"}
{"time": "2025-01-31 12:38:31,076", "level": "INFO", "module": "logging_setup", "funcName": "log", "message": "[XRPUSDT] => final=BUY, 15m=11,30m=9,1h=10,4h=2,1d=3, combined=46, retest=None"}
{"time": "2025-01-31 12:38:38,549", "level": "INFO", "module": "logging_setup", "funcName": "log", "message": "[XRPUSDT] => final=BUY, 15m=11,30m=9,1h=10,4h=2,1d=3, combined=46, retest=None"}
{"time": "2025-01-31 12:38:46,330", "level": "INFO", "module": "logging_setup", "funcName": "log", "message": "[XRPUSDT] => final=BUY, 15m=11,30m=9,1h=10,4h=2,1d=3, combined=46, retest=None"}
{"time": "2025-01-31 12:38:54,740", "level": "INFO", "module": "logging_setup", "funcName": "log", "message": "[XRPUSDT] => final=BUY, 15m=11,30m=9,1h=10,4h=2,1d=3, combined=46, retest=None"}
{"time": "2025-01-31 12:39:03,244", "level": "INFO", "module": "logging_setup", "funcName": "log", "message": "[XRPUSDT] => final=BUY, 15m=11,30m=9,1h=10,4h=2,1d=3, combined=46, retest=None"}
{"time": "2025-01-31 12:39:11,104", "level": "INFO", "module": "logging_setup", "funcName": "log", "message": "[XRPUSDT] => final=BUY, 15m=11,30m=9,1h=10,4h=2,1d=3, combined=46, retest=None"}
{"time": "2025-01-31 12:39:18,516", "level": "INFO", "module": "logging_setup", "funcName": "log", "message": "[XRPUSDT] => final=BUY, 15m=11,30m=9,1h=10,4h=2,1d=3, combined=46, retest=None"}
{"time": "2025-01-31 12:39:28,312", "level": "INFO", "module": "logging_setup", "funcName": "log", "message": "[XRPUSDT] => final=BUY, 15m=11,30m=9,1h=10,4h=2,1d=3, combined=46, retest=None"}
{"time": "2025-01-31 12:39:31,089", "level": "INFO", "module": "logging_setup", "funcName": "log", "message": "[XRPUSDT] => final=BUY, 15m=11,30m=9,1h=10,4h=2,1d=3, combined=46, retest=None"}
{"time": "2025-01-31 12:39:33,045", "level": "INFO", "module": "logging_setup", "funcName": "log", "message": "[XRPUSDT] => final=BUY, 15m=11,30m=9,1h=10,4h=2,1d=3, combined=46, retest=None"}
{"time": "2025-01-31 12:39:35,282", "level": "INFO", "module": "logging_setup", "funcName": "log", "message": "[XRPUSDT] => final=BUY, 15m=11,30m=9,1h=10,4h=2,1d=3, combined=46, retest=None"}
{"time": "2025-01-31 12:39:37,410", "level": "INFO", "module": "logging_setup", "funcName": "log", "message": "[XRPUSDT] => final=BUY, 15m=11,30m=9,1h=10,4h=2,1d=3, combined=46, retest=None"}
{"time": "2025-01-31 12:39:39,339", "level": "INFO", "module": "logging_setup", "funcName": "log", "message": "[XRPUSDT] => final=BUY, 15m=11,30m=9,1h=10,4h=2,1d=3, combined=46, retest=None"}
{"time": "2025-01-31 12:39:41,380", "level": "INFO", "module": "logging_setup", "funcName": "log", "message": "[XRPUSDT] => final=BUY, 15m=11,30m=9,1h=10,4h=2,1d=3, combined=46, retest=None"}
{"time": "2025-01-31 12:39:43,508", "level": "INFO", "module": "logging_setup", "funcName": "log", "message": "[XRPUSDT] => final=BUY, 15m=11,30m=9,1h=10,4h=2,1d=3, combined=46, retest=None"}
{"time": "2025-01-31 12:39:46,277", "level": "INFO", "module": "logging_setup", "funcName": "log", "message": "[XRPUSDT] => final=BUY, 15m=11,30m=9,1h=10,4h=2,1d=3, combined=46, retest=None"}
{"time": "2025-01-31 12:39:48,432", "level": "INFO", "module": "logging_setup", "funcName": "log", "message": "[XRPUSDT] => final=BUY, 15m=11,30m=9,1h=10,4h=2,1d=3, combined=46, retest=None"}
{"time": "2025-01-31 12:39:50,279", "level": "INFO", "module": "logging_setup", "funcName": "log", "message": "[XRPUSDT] => final=BUY, 15m=11,30m=9,1h=10,4h=2,1d=3, combined=46, retest=None"}
{"time": "2025-01-31 12:39:52,109", "level": "INFO", "module": "logging_setup", "funcName": "log", "message": "[XRPUSDT] => final=BUY, 15m=11,30m=9,1h=10,4h=2,1d=3, combined=46, retest=None"}
{"time": "2025-01-31 12:39:54,133", "level": "INFO", "module": "logging_setup", "funcName": "log", "message": "[XRPUSDT] => final=BUY, 15m=11,30m=9,1h=10,4h=2,1d=3, combined=46, retest=None"}
{"time": "2025-01-31 12:39:56,068", "level": "INFO", "module": "logging_setup", "funcName": "log", "message": "[XRPUSDT] => final=BUY, 15m=11,30m=9,1h=10,4h=2,1d=3, combined=46, retest=None"}
{"time": "2025-01-31 12:39:58,038", "level": "INFO", "module": "logging_setup", "funcName": "log", "message": "[XRPUSDT] => final=BUY, 15m=11,30m=9,1h=10,4h=2,1d=3, combined=46, retest=None"}
{"time": "2025-01-31 12:40:00,081", "level": "INFO", "module": "logging_setup", "funcName": "log", "message": "[XRPUSDT] => final=BUY, 15m=11,30m=9,1h=10,4h=2,1d=3, combined=46, retest=None"}
{"time": "2025-01-31 12:40:01,893", "level": "INFO", "module": "logging_setup", "funcName": "log", "message": "[XRPUSDT] => final=BUY, 15m=11,30m=9,1h=10,4h=2,1d=3, combined=46, retest=None"}
{"time": "2025-01-31 12:40:03,873", "level": "INFO", "module": "logging_setup", "funcName": "log", "message": "[XRPUSDT] => final=BUY, 15m=11,30m=9,1h=10,4h=2,1d=3, combined=46, retest=None"}
{"time": "2025-01-31 12:40:05,772", "level": "INFO", "module": "logging_setup", "funcName": "log", "message": "[XRPUSDT] => final=BUY, 15m=11,30m=9,1h=10,4h=2,1d=3, combined=46, retest=None"}
{"time": "2025-01-31 12:40:07,579", "level": "INFO", "module": "logging_setup", "funcName": "log", "message": "[XRPUSDT] => final=BUY, 15m=11,30m=9,1h=10,4h=2,1d=3, combined=46, retest=None"}
{"time": "2025-01-31 12:40:15,868", "level": "INFO", "module": "logging_setup", "funcName": "log", "message": "[XRPUSDT] => final=BUY, 15m=11,30m=9,1h=10,4h=2,1d=3, combined=46, retest=None"}
{"time": "2025-01-31 12:40:17,860", "level": "INFO", "module": "logging_setup", "funcName": "log", "message": "[XRPUSDT] => final=BUY, 15m=11,30m=9,1h=10,4h=2,1d=3, combined=46, retest=None"}
{"time": "2025-01-31 12:40:19,679", "level": "INFO", "module": "logging_setup", "funcName": "log", "message": "[XRPUSDT] => final=BUY, 15m=11,30m=9,1h=10,4h=2,1d=3, combined=46, retest=None"}
{"time": "2025-01-31 12:41:23,222", "level": "INFO", "module": "logging_setup", "funcName": "log", "message": "[XRPUSDT] => final=BUY, 15m=11,30m=9,1h=10,4h=2,1d=3, combined=46, retest=None"}
{"time": "2025-01-31 12:41:25,321", "level": "INFO", "module": "logging_setup", "funcName": "log", "message": "[XRPUSDT] => final=BUY, 15m=11,30m=9,1h=10,4h=2,1d=3, combined=46, retest=None"}
{"time": "2025-01-31 12:41:27,209", "level": "INFO", "module": "logging_setup", "funcName": "log", "message": "[XRPUSDT] => final=BUY, 15m=11,30m=9,1h=10,4h=2,1d=3, combined=46, retest=None"}
{"time": "2025-01-31 12:41:29,077", "level": "INFO", "module": "logging_setup", "funcName": "log", "message": "[XRPUSDT] => final=BUY, 15m=11,30m=9,1h=10,4h=2,1d=3, combined=46, retest=None"}
{"time": "2025-01-31 12:41:30,924", "level": "INFO", "module": "logging_setup", "funcName": "log", "message": "[XRPUSDT] => final=BUY, 15m=11,30m=9,1h=10,4h=2,1d=3, combined=46, retest=None"}
{"time": "2025-01-31 12:41:32,751", "level": "INFO", "module": "logging_setup", "funcName": "log", "message": "[XRPUSDT] => final=BUY, 15m=11,30m=9,1h=10,4h=2,1d=3, combined=46, retest=None"}
{"time": "2025-01-31 12:41:34,488", "level": "INFO", "module": "logging_setup", "funcName": "log", "message": "[XRPUSDT] => final=BUY, 15m=11,30m=9,1h=10,4h=2,1d=3, combined=46, retest=None"}
{"time": "2025-01-31 12:41:36,426", "level": "INFO", "module": "logging_setup", "funcName": "log", "message": "[XRPUSDT] => final=BUY, 15m=11,30m=9,1h=10,4h=2,1d=3, combined=46, retest=None"}
{"time": "2025-01-31 12:41:38,537", "level": "INFO", "module": "logging_setup", "funcName": "log", "message": "[XRPUSDT] => final=BUY, 15m=11,30m=9,1h=10,4h=2,1d=3, combined=46, retest=None"}
{"time": "2025-01-31 12:41:40,362", "level": "INFO", "module": "logging_setup", "funcName": "log", "message": "[XRPUSDT] => final=BUY, 15m=11,30m=9,1h=10,4h=2,1d=3, combined=46, retest=None"}
{"time": "2025-01-31 12:41:42,277", "level": "INFO", "module": "logging_setup", "funcName": "log", "message": "[XRPUSDT] => final=BUY, 15m=11,30m=9,1h=10,4h=2,1d=3, combined=46, retest=None"}
{"time": "2025-01-31 12:41:44,128", "level": "INFO", "module": "logging_setup", "funcName": "log", "message": "[XRPUSDT] => final=BUY, 15m=11,30m=9,1h=10,4h=2,1d=3, combined=46, retest=None"}
{"time": "2025-01-31 12:41:46,039", "level": "INFO", "module": "logging_setup", "funcName": "log", "message": "[XRPUSDT] => final=BUY, 15m=11,30m=9,1h=10,4h=2,1d=3, combined=46, retest=None"}
{"time": "2025-01-31 12:41:47,924", "level": "INFO", "module": "logging_setup", "funcName": "log", "message": "[XRPUSDT] => final=BUY, 15m=11,30m=9,1h=10,4h=2,1d=3, combined=46, retest=None"}
{"time": "2025-01-31 12:41:49,779", "level": "INFO", "module": "logging_setup", "funcName": "log", "message": "[XRPUSDT] => final=BUY, 15m=11,30m=9,1h=10,4h=2,1d=3, combined=46, retest=None"}
{"time": "2025-01-31 12:41:51,579", "level": "INFO", "module": "logging_setup", "funcName": "log", "message": "[XRPUSDT] => final=BUY, 15m=11,30m=9,1h=10,4h=2,1d=3, combined=46, retest=None"}
{"time": "2025-01-31 12:41:53,372", "level": "INFO", "module": "logging_setup", "funcName": "log", "message": "[XRPUSDT] => final=BUY, 15m=11,30m=9,1h=10,4h=2,1d=3, combined=46, retest=None"}
{"time": "2025-01-31 12:41:55,269", "level": "INFO", "module": "logging_setup", "funcName": "log", "message": "[XRPUSDT] => final=BUY, 15m=11,30m=9,1h=10,4h=2,1d=3, combined=46, retest=None"}
{"time": "2025-01-31 12:41:57,170", "level": "INFO", "module": "logging_setup", "funcName": "log", "message": "[XRPUSDT] => final=BUY, 15m=11,30m=9,1h=10,4h=2,1d=3, combined=46, retest=None"}
{"time": "2025-01-31 12:41:59,203", "level": "INFO", "module": "logging_setup", "funcName": "log", "message": "[XRPUSDT] => final=BUY, 15m=11,30m=9,1h=10,4h=2,1d=3, combined=46, retest=None"}
{"time": "2025-01-31 12:42:01,295", "level": "INFO", "module": "logging_setup", "funcName": "log", "message": "[XRPUSDT] => final=BUY, 15m=11,30m=9,1h=10,4h=2,1d=3, combined=46, retest=None"}
{"time": "2025-01-31 12:42:03,679", "level": "INFO", "module": "logging_setup", "funcName": "log", "message": "[XRPUSDT] => final=BUY, 15m=11,30m=9,1h=10,4h=2,1d=3, combined=46, retest=None"}
{"time": "2025-01-31 12:42:05,818", "level": "INFO", "module": "logging_setup", "funcName": "log", "message": "[XRPUSDT] => final=BUY, 15m=11,30m=9,1h=10,4h=2,1d=3, combined=46, retest=None"}
{"time": "2025-01-31 12:42:08,619", "level": "INFO", "module": "logging_setup", "funcName": "log", "message": "[XRPUSDT] => final=BUY, 15m=11,30m=9,1h=10,4h=2,1d=3, combined=46, retest=None"}
{"time": "2025-01-31 12:42:11,217", "level": "INFO", "module": "logging_setup", "funcName": "log", "message": "[XRPUSDT] => final=BUY, 15m=11,30m=9,1h=10,4h=2,1d=3, combined=46, retest=None"}
{"time": "2025-01-31 12:42:13,767", "level": "INFO", "module": "logging_setup", "funcName": "log", "message": "[XRPUSDT] => final=BUY, 15m=11,30m=9,1h=10,4h=2,1d=3, combined=46, retest=None"}
{"time": "2025-01-31 12:42:16,486", "level": "INFO", "module": "logging_setup", "funcName": "log", "message": "[XRPUSDT] => final=BUY, 15m=11,30m=9,1h=10,4h=2,1d=3, combined=46, retest=None"}
{"time": "2025-01-31 12:42:19,727", "level": "INFO", "module": "logging_setup", "funcName": "log", "message": "[XRPUSDT] => final=BUY, 15m=11,30m=9,1h=10,4h=2,1d=3, combined=46, retest=None"}
{"time": "2025-01-31 12:42:21,873", "level": "INFO", "module": "logging_setup", "funcName": "log", "message": "[XRPUSDT] => final=BUY, 15m=11,30m=9,1h=10,4h=2,1d=3, combined=46, retest=None"}
{"time": "2025-01-31 12:42:24,426", "level": "INFO", "module": "logging_setup", "funcName": "log", "message": "[XRPUSDT] => final=BUY, 15m=11,30m=9,1h=10,4h=2,1d=3, combined=46, retest=None"}
{"time": "2025-01-31 12:42:26,862", "level": "INFO", "module": "logging_setup", "funcName": "log", "message": "[XRPUSDT] => final=BUY, 15m=11,30m=9,1h=10,4h=2,1d=3, combined=46, retest=None"}
{"time": "2025-01-31 12:42:28,966", "level": "INFO", "module": "logging_setup", "funcName": "log", "message": "[XRPUSDT] => final=BUY, 15m=11,30m=9,1h=10,4h=2,1d=3, combined=46, retest=None"}
{"time": "2025-01-31 12:42:31,134", "level": "INFO", "module": "logging_setup", "funcName": "log", "message": "[XRPUSDT] => final=BUY, 15m=11,30m=9,1h=10,4h=2,1d=3, combined=46, retest=None"}
{"time": "2025-01-31 12:42:34,215", "level": "INFO", "module": "logging_setup", "funcName": "log", "message": "[XRPUSDT] => final=BUY, 15m=11,30m=9,1h=10,4h=2,1d=3, combined=46, retest=None"}
{"time": "2025-01-31 12:42:36,425", "level": "INFO", "module": "logging_setup", "funcName": "log", "message": "[XRPUSDT] => final=BUY, 15m=11,30m=9,1h=10,4h=2,1d=3, combined=46, retest=None"}
{"time": "2025-01-31 12:42:38,445", "level": "INFO", "module": "logging_setup", "funcName": "log", "message": "[XRPUSDT] => final=BUY, 15m=11,30m=9,1h=10,4h=2,1d=3, combined=46, retest=None"}
{"time": "2025-01-31 12:42:40,605", "level": "INFO", "module": "logging_setup", "funcName": "log", "message": "[XRPUSDT] => final=BUY, 15m=11,30m=9,1h=10,4h=2,1d=3, combined=46, retest=None"}
{"time": "2025-01-31 12:42:42,800", "level": "INFO", "module": "logging_setup", "funcName": "log", "message": "[XRPUSDT] => final=BUY, 15m=11,30m=9,1h=10,4h=2,1d=3, combined=46, retest=None"}
{"time": "2025-01-31 12:42:44,904", "level": "INFO", "module": "logging_setup", "funcName": "log", "message": "[XRPUSDT] => final=BUY, 15m=11,30m=9,1h=10,4h=2,1d=3, combined=46, retest=None"}
{"time": "2025-01-31 12:42:47,155", "level": "INFO", "module": "logging_setup", "funcName": "log", "message": "[XRPUSDT] => final=BUY, 15m=11,30m=9,1h=10,4h=2,1d=3, combined=46, retest=None"}
{"time": "2025-01-31 12:42:49,132", "level": "INFO", "module": "logging_setup", "funcName": "log", "message": "[XRPUSDT] => final=BUY, 15m=11,30m=9,1h=10,4h=2,1d=3, combined=46, retest=None"}
{"time": "2025-01-31 12:42:51,410", "level": "INFO", "module": "logging_setup", "funcName": "log", "message": "[XRPUSDT] => final=BUY, 15m=11,30m=9,1h=10,4h=2,1d=3, combined=46, retest=None"}
{"time": "2025-01-31 12:42:53,514", "level": "INFO", "module": "logging_setup", "funcName": "log", "message": "[XRPUSDT] => final=BUY, 15m=11,30m=9,1h=10,4h=2,1d=3, combined=46, retest=None"}
{"time": "2025-01-31 12:42:56,008", "level": "INFO", "module": "logging_setup", "funcName": "log", "message": "[XRPUSDT] => final=BUY, 15m=11,30m=9,1h=10,4h=2,1d=3, combined=46, retest=None"}
{"time": "2025-01-31 12:42:58,196", "level": "INFO", "module": "logging_setup", "funcName": "log", "message": "[XRPUSDT] => final=BUY, 15m=11,30m=9,1h=10,4h=2,1d=3, combined=46, retest=None"}
{"time": "2025-01-31 12:43:00,278", "level": "INFO", "module": "logging_setup", "funcName": "log", "message": "[XRPUSDT] => final=BUY, 15m=11,30m=9,1h=10,4h=2,1d=3, combined=46, retest=None"}
{"time": "2025-01-31 12:43:02,203", "level": "INFO", "module": "logging_setup", "funcName": "log", "message": "[XRPUSDT] => final=BUY, 15m=11,30m=9,1h=10,4h=2,1d=3, combined=46, retest=None"}
{"time": "2025-01-31 12:43:04,178", "level": "INFO", "module": "logging_setup", "funcName": "log", "message": "[XRPUSDT] => final=BUY, 15m=11,30m=9,1h=10,4h=2,1d=3, combined=46, retest=None"}
{"time": "2025-01-31 12:43:06,281", "level": "INFO", "module": "logging_setup", "funcName": "log", "message": "[XRPUSDT] => final=BUY, 15m=11,30m=9,1h=10,4h=2,1d=3, combined=46, retest=None"}
{"time": "2025-01-31 12:43:08,337", "level": "INFO", "module": "logging_setup", "funcName": "log", "message": "[XRPUSDT] => final=BUY, 15m=11,30m=9,1h=10,4h=2,1d=3, combined=46, retest=None"}
{"time": "2025-01-31 12:43:10,737", "level": "INFO", "module": "logging_setup", "funcName": "log", "message": "[XRPUSDT] => final=BUY, 15m=11,30m=9,1h=10,4h=2,1d=3, combined=46, retest=None"}
{"time": "2025-01-31 12:43:12,648", "level": "INFO", "module": "logging_setup", "funcName": "log", "message": "[XRPUSDT] => final=BUY, 15m=11,30m=9,1h=10,4h=2,1d=3, combined=46, retest=None"}
{"time": "2025-01-31 12:43:14,648", "level": "INFO", "module": "logging_setup", "funcName": "log", "message": "[XRPUSDT] => final=BUY, 15m=11,30m=9,1h=10,4h=2,1d=3, combined=46, retest=None"}
{"time": "2025-01-31 12:43:23,501", "level": "INFO", "module": "logging_setup", "funcName": "log", "message": "[XRPUSDT] => final=BUY, 15m=11,30m=9,1h=10,4h=2,1d=3, combined=46, retest=None"}
{"time": "2025-01-31 12:43:25,412", "level": "INFO", "module": "logging_setup", "funcName": "log", "message": "[XRPUSDT] => final=BUY, 15m=11,30m=9,1h=10,4h=2,1d=3, combined=46, retest=None"}
{"time": "2025-01-31 12:43:27,913", "level": "INFO", "module": "logging_setup", "funcName": "log", "message": "[XRPUSDT] => final=BUY, 15m=11,30m=9,1h=10,4h=2,1d=3, combined=46, retest=None"}
{"time": "2025-01-31 12:44:27,948", "level": "INFO", "module": "logging_setup", "funcName": "log", "message": "[XRPUSDT] => final=BUY, 15m=11,30m=9,1h=10,4h=2,1d=3, combined=46, retest=None"}
{"time": "2025-01-31 12:44:29,841", "level": "INFO", "module": "logging_setup", "funcName": "log", "message": "[XRPUSDT] => final=BUY, 15m=11,30m=9,1h=10,4h=2,1d=3, combined=46, retest=None"}
{"time": "2025-01-31 12:44:31,899", "level": "INFO", "module": "logging_setup", "funcName": "log", "message": "[XRPUSDT] => final=BUY, 15m=11,30m=9,1h=10,4h=2,1d=3, combined=46, retest=None"}
{"time": "2025-01-31 12:44:33,784", "level": "INFO", "module": "logging_setup", "funcName": "log", "message": "[XRPUSDT] => final=BUY, 15m=11,30m=9,1h=10,4h=2,1d=3, combined=46, retest=None"}
{"time": "2025-01-31 12:44:35,645", "level": "INFO", "module": "logging_setup", "funcName": "log", "message": "[XRPUSDT] => final=BUY, 15m=11,30m=9,1h=10,4h=2,1d=3, combined=46, retest=None"}
{"time": "2025-01-31 12:44:37,570", "level": "INFO", "module": "logging_setup", "funcName": "log", "message": "[XRPUSDT] => final=BUY, 15m=11,30m=9,1h=10,4h=2,1d=3, combined=46, retest=None"}
{"time": "2025-01-31 12:44:39,577", "level": "INFO", "module": "logging_setup", "funcName": "log", "message": "[XRPUSDT] => final=BUY, 15m=11,30m=9,1h=10,4h=2,1d=3, combined=46, retest=None"}
{"time": "2025-01-31 12:44:41,649", "level": "INFO", "module": "logging_setup", "funcName": "log", "message": "[XRPUSDT] => final=BUY, 15m=11,30m=9,1h=10,4h=2,1d=3, combined=46, retest=None"}
{"time": "2025-01-31 12:44:43,707", "level": "INFO", "module": "logging_setup", "funcName": "log", "message": "[XRPUSDT] => final=BUY, 15m=11,30m=9,1h=10,4h=2,1d=3, combined=46, retest=None"}
{"time": "2025-01-31 12:44:46,305", "level": "INFO", "module": "logging_setup", "funcName": "log", "message": "[XRPUSDT] => final=BUY, 15m=11,30m=9,1h=10,4h=2,1d=3, combined=46, retest=None"}
{"time": "2025-01-31 12:44:48,763", "level": "INFO", "module": "logging_setup", "funcName": "log", "message": "[XRPUSDT] => final=BUY, 15m=11,30m=9,1h=10,4h=2,1d=3, combined=46, retest=None"}
{"time": "2025-01-31 12:44:51,565", "level": "INFO", "module": "logging_setup", "funcName": "log", "message": "[XRPUSDT] => final=BUY, 15m=11,30m=9,1h=10,4h=2,1d=3, combined=46, retest=None"}
{"time": "2025-01-31 12:44:54,514", "level": "INFO", "module": "logging_setup", "funcName": "log", "message": "[XRPUSDT] => final=BUY, 15m=11,30m=9,1h=10,4h=2,1d=3, combined=46, retest=None"}
{"time": "2025-01-31 12:44:56,749", "level": "INFO", "module": "logging_setup", "funcName": "log", "message": "[XRPUSDT] => final=BUY, 15m=11,30m=9,1h=10,4h=2,1d=3, combined=46, retest=None"}
{"time": "2025-01-31 12:44:58,915", "level": "INFO", "module": "logging_setup", "funcName": "log", "message": "[XRPUSDT] => final=BUY, 15m=11,30m=9,1h=10,4h=2,1d=3, combined=46, retest=None"}
{"time": "2025-01-31 12:45:01,068", "level": "INFO", "module": "logging_setup", "funcName": "log", "message": "[XRPUSDT] => final=BUY, 15m=11,30m=9,1h=10,4h=2,1d=3, combined=46, retest=None"}
{"time": "2025-01-31 12:45:03,464", "level": "INFO", "module": "logging_setup", "funcName": "log", "message": "[XRPUSDT] => final=BUY, 15m=11,30m=9,1h=10,4h=2,1d=3, combined=46, retest=None"}
{"time": "2025-01-31 12:45:05,587", "level": "INFO", "module": "logging_setup", "funcName": "log", "message": "[XRPUSDT] => final=BUY, 15m=11,30m=9,1h=10,4h=2,1d=3, combined=46, retest=None"}
{"time": "2025-01-31 12:45:08,009", "level": "INFO", "module": "logging_setup", "funcName": "log", "message": "[XRPUSDT] => final=BUY, 15m=11,30m=9,1h=10,4h=2,1d=3, combined=46, retest=None"}
{"time": "2025-01-31 12:45:11,147", "level": "INFO", "module": "logging_setup", "funcName": "log", "message": "[XRPUSDT] => final=BUY, 15m=11,30m=9,1h=10,4h=2,1d=3, combined=46, retest=None"}
{"time": "2025-01-31 12:45:13,952", "level": "INFO", "module": "logging_setup", "funcName": "log", "message": "[XRPUSDT] => final=BUY, 15m=11,30m=9,1h=10,4h=2,1d=3, combined=46, retest=None"}
{"time": "2025-01-31 12:45:16,302", "level": "INFO", "module": "logging_setup", "funcName": "log", "message": "[XRPUSDT] => final=BUY, 15m=11,30m=9,1h=10,4h=2,1d=3, combined=46, retest=None"}
{"time": "2025-01-31 12:45:18,516", "level": "INFO", "module": "logging_setup", "funcName": "log", "message": "[XRPUSDT] => final=BUY, 15m=11,30m=9,1h=10,4h=2,1d=3, combined=46, retest=None"}
{"time": "2025-01-31 12:45:20,446", "level": "INFO", "module": "logging_setup", "funcName": "log", "message": "[XRPUSDT] => final=BUY, 15m=11,30m=9,1h=10,4h=2,1d=3, combined=46, retest=None"}
{"time": "2025-01-31 12:45:23,348", "level": "INFO", "module": "logging_setup", "funcName": "log", "message": "[XRPUSDT] => final=BUY, 15m=11,30m=9,1h=10,4h=2,1d=3, combined=46, retest=None"}
{"time": "2025-01-31 12:45:25,429", "level": "INFO", "module": "logging_setup", "funcName": "log", "message": "[XRPUSDT] => final=BUY, 15m=11,30m=9,1h=10,4h=2,1d=3, combined=46, retest=None"}
{"time": "2025-01-31 12:45:28,130", "level": "INFO", "module": "logging_setup", "funcName": "log", "message": "[XRPUSDT] => final=BUY, 15m=11,30m=9,1h=10,4h=2,1d=3, combined=46, retest=None"}
{"time": "2025-01-31 12:45:30,430", "level": "INFO", "module": "logging_setup", "funcName": "log", "message": "[XRPUSDT] => final=BUY, 15m=11,30m=9,1h=10,4h=2,1d=3, combined=46, retest=None"}
{"time": "2025-01-31 12:45:32,742", "level": "INFO", "module": "logging_setup", "funcName": "log", "message": "[XRPUSDT] => final=BUY, 15m=11,30m=9,1h=10,4h=2,1d=3, combined=46, retest=None"}
{"time": "2025-01-31 12:45:35,375", "level": "INFO", "module": "logging_setup", "funcName": "log", "message": "[XRPUSDT] => final=BUY, 15m=11,30m=9,1h=10,4h=2,1d=3, combined=46, retest=None"}
{"time": "2025-01-31 12:45:37,705", "level": "INFO", "module": "logging_setup", "funcName": "log", "message": "[XRPUSDT] => final=BUY, 15m=11,30m=9,1h=10,4h=2,1d=3, combined=46, retest=None"}
{"time": "2025-01-31 12:45:51,576", "level": "INFO", "module": "logging_setup", "funcName": "log", "message": "main() => starting"}
{"time": "2025-01-31 12:45:51,576", "level": "INFO", "module": "logging_setup", "funcName": "log", "message": "start_trading => begin"}
{"time": "2025-01-31 12:45:58,695", "level": "INFO", "module": "logging_setup", "funcName": "log", "message": "start_trading => started tasks"}
{"time": "2025-01-31 12:47:14,283", "level": "INFO", "module": "logging_setup", "funcName": "log", "message": "[XRPUSDT] => final=BUY, 15m=8,30m=9,1h=10,4h=0,1d=3, combined=37, retest=None"}
{"time": "2025-01-31 12:47:16,273", "level": "INFO", "module": "logging_setup", "funcName": "log", "message": "[XRPUSDT] => final=BUY, 15m=8,30m=9,1h=10,4h=0,1d=3, combined=37, retest=None"}
{"time": "2025-01-31 12:47:18,187", "level": "INFO", "module": "logging_setup", "funcName": "log", "message": "[XRPUSDT] => final=BUY, 15m=8,30m=9,1h=10,4h=0,1d=3, combined=37, retest=None"}
{"time": "2025-01-31 12:47:20,154", "level": "INFO", "module": "logging_setup", "funcName": "log", "message": "[XRPUSDT] => final=BUY, 15m=8,30m=9,1h=10,4h=0,1d=3, combined=37, retest=None"}
{"time": "2025-01-31 12:47:22,065", "level": "INFO", "module": "logging_setup", "funcName": "log", "message": "[XRPUSDT] => final=BUY, 15m=8,30m=9,1h=10,4h=0,1d=3, combined=37, retest=None"}
{"time": "2025-01-31 12:47:23,977", "level": "INFO", "module": "logging_setup", "funcName": "log", "message": "[XRPUSDT] => final=BUY, 15m=8,30m=9,1h=10,4h=0,1d=3, combined=37, retest=None"}
{"time": "2025-01-31 12:47:26,001", "level": "INFO", "module": "logging_setup", "funcName": "log", "message": "[XRPUSDT] => final=BUY, 15m=8,30m=9,1h=10,4h=0,1d=3, combined=37, retest=None"}
{"time": "2025-01-31 12:47:27,932", "level": "INFO", "module": "logging_setup", "funcName": "log", "message": "[XRPUSDT] => final=BUY, 15m=8,30m=9,1h=10,4h=0,1d=3, combined=37, retest=None"}
{"time": "2025-01-31 12:47:29,838", "level": "INFO", "module": "logging_setup", "funcName": "log", "message": "[XRPUSDT] => final=BUY, 15m=8,30m=9,1h=10,4h=0,1d=3, combined=37, retest=None"}
{"time": "2025-01-31 12:47:31,859", "level": "INFO", "module": "logging_setup", "funcName": "log", "message": "[XRPUSDT] => final=BUY, 15m=8,30m=9,1h=10,4h=0,1d=3, combined=37, retest=None"}
{"time": "2025-01-31 12:47:33,770", "level": "INFO", "module": "logging_setup", "funcName": "log", "message": "[XRPUSDT] => final=BUY, 15m=8,30m=9,1h=10,4h=0,1d=3, combined=37, retest=None"}
{"time": "2025-01-31 12:47:35,697", "level": "INFO", "module": "logging_setup", "funcName": "log", "message": "[XRPUSDT] => final=BUY, 15m=8,30m=9,1h=10,4h=0,1d=3, combined=37, retest=None"}
{"time": "2025-01-31 12:47:37,626", "level": "INFO", "module": "logging_setup", "funcName": "log", "message": "[XRPUSDT] => final=BUY, 15m=8,30m=9,1h=10,4h=0,1d=3, combined=37, retest=None"}
{"time": "2025-01-31 12:47:39,567", "level": "INFO", "module": "logging_setup", "funcName": "log", "message": "[XRPUSDT] => final=BUY, 15m=8,30m=9,1h=10,4h=0,1d=3, combined=37, retest=None"}
{"time": "2025-01-31 12:47:41,502", "level": "INFO", "module": "logging_setup", "funcName": "log", "message": "[XRPUSDT] => final=BUY, 15m=8,30m=9,1h=10,4h=0,1d=3, combined=37, retest=None"}
{"time": "2025-01-31 12:47:43,418", "level": "INFO", "module": "logging_setup", "funcName": "log", "message": "[XRPUSDT] => final=BUY, 15m=8,30m=9,1h=10,4h=0,1d=3, combined=37, retest=None"}
{"time": "2025-01-31 12:47:45,409", "level": "INFO", "module": "logging_setup", "funcName": "log", "message": "[XRPUSDT] => final=BUY, 15m=8,30m=9,1h=10,4h=0,1d=3, combined=37, retest=None"}
{"time": "2025-01-31 12:47:47,286", "level": "INFO", "module": "logging_setup", "funcName": "log", "message": "[XRPUSDT] => final=BUY, 15m=8,30m=9,1h=10,4h=0,1d=3, combined=37, retest=None"}
{"time": "2025-01-31 12:47:49,228", "level": "INFO", "module": "logging_setup", "funcName": "log", "message": "[XRPUSDT] => final=BUY, 15m=8,30m=9,1h=10,4h=0,1d=3, combined=37, retest=None"}
{"time": "2025-01-31 12:47:51,312", "level": "INFO", "module": "logging_setup", "funcName": "log", "message": "[XRPUSDT] => final=BUY, 15m=8,30m=9,1h=10,4h=0,1d=3, combined=37, retest=None"}
{"time": "2025-01-31 12:47:53,319", "level": "INFO", "module": "logging_setup", "funcName": "log", "message": "[XRPUSDT] => final=BUY, 15m=8,30m=9,1h=10,4h=0,1d=3, combined=37, retest=None"}
{"time": "2025-01-31 12:47:55,305", "level": "INFO", "module": "logging_setup", "funcName": "log", "message": "[XRPUSDT] => final=BUY, 15m=8,30m=9,1h=10,4h=0,1d=3, combined=37, retest=None"}
{"time": "2025-01-31 12:47:57,229", "level": "INFO", "module": "logging_setup", "funcName": "log", "message": "[XRPUSDT] => final=BUY, 15m=8,30m=9,1h=10,4h=0,1d=3, combined=37, retest=None"}
{"time": "2025-01-31 12:47:59,130", "level": "INFO", "module": "logging_setup", "funcName": "log", "message": "[XRPUSDT] => final=BUY, 15m=8,30m=9,1h=10,4h=0,1d=3, combined=37, retest=None"}
{"time": "2025-01-31 12:48:01,241", "level": "INFO", "module": "logging_setup", "funcName": "log", "message": "[XRPUSDT] => final=BUY, 15m=8,30m=9,1h=10,4h=0,1d=3, combined=37, retest=None"}
{"time": "2025-01-31 12:48:03,145", "level": "INFO", "module": "logging_setup", "funcName": "log", "message": "[XRPUSDT] => final=BUY, 15m=8,30m=9,1h=10,4h=0,1d=3, combined=37, retest=None"}
{"time": "2025-01-31 12:48:05,059", "level": "INFO", "module": "logging_setup", "funcName": "log", "message": "[XRPUSDT] => final=BUY, 15m=8,30m=9,1h=10,4h=0,1d=3, combined=37, retest=None"}
{"time": "2025-01-31 12:48:06,991", "level": "INFO", "module": "logging_setup", "funcName": "log", "message": "[XRPUSDT] => final=BUY, 15m=8,30m=9,1h=10,4h=0,1d=3, combined=37, retest=None"}
{"time": "2025-01-31 12:48:08,869", "level": "INFO", "module": "logging_setup", "funcName": "log", "message": "[XRPUSDT] => final=BUY, 15m=8,30m=9,1h=10,4h=0,1d=3, combined=37, retest=None"}
{"time": "2025-01-31 12:48:11,057", "level": "INFO", "module": "logging_setup", "funcName": "log", "message": "[XRPUSDT] => final=BUY, 15m=8,30m=9,1h=10,4h=0,1d=3, combined=37, retest=None"}
{"time": "2025-01-31 12:48:12,957", "level": "INFO", "module": "logging_setup", "funcName": "log", "message": "[XRPUSDT] => final=BUY, 15m=8,30m=9,1h=10,4h=0,1d=3, combined=37, retest=None"}
{"time": "2025-01-31 12:48:14,815", "level": "INFO", "module": "logging_setup", "funcName": "log", "message": "[XRPUSDT] => final=BUY, 15m=8,30m=9,1h=10,4h=0,1d=3, combined=37, retest=None"}
{"time": "2025-01-31 12:48:16,886", "level": "INFO", "module": "logging_setup", "funcName": "log", "message": "[XRPUSDT] => final=BUY, 15m=8,30m=9,1h=10,4h=0,1d=3, combined=37, retest=None"}
{"time": "2025-01-31 12:48:18,842", "level": "INFO", "module": "logging_setup", "funcName": "log", "message": "[XRPUSDT] => final=BUY, 15m=8,30m=9,1h=10,4h=0,1d=3, combined=37, retest=None"}
{"time": "2025-01-31 12:48:20,770", "level": "INFO", "module": "logging_setup", "funcName": "log", "message": "[XRPUSDT] => final=BUY, 15m=8,30m=9,1h=10,4h=0,1d=3, combined=37, retest=None"}
{"time": "2025-01-31 12:48:23,401", "level": "INFO", "module": "logging_setup", "funcName": "log", "message": "[XRPUSDT] => final=BUY, 15m=8,30m=9,1h=10,4h=0,1d=3, combined=37, retest=None"}
{"time": "2025-01-31 12:48:25,468", "level": "INFO", "module": "logging_setup", "funcName": "log", "message": "[XRPUSDT] => final=BUY, 15m=8,30m=9,1h=10,4h=0,1d=3, combined=37, retest=None"}
{"time": "2025-01-31 12:48:27,477", "level": "INFO", "module": "logging_setup", "funcName": "log", "message": "[XRPUSDT] => final=BUY, 15m=8,30m=9,1h=10,4h=0,1d=3, combined=37, retest=None"}
{"time": "2025-01-31 12:48:29,470", "level": "INFO", "module": "logging_setup", "funcName": "log", "message": "[XRPUSDT] => final=BUY, 15m=8,30m=9,1h=10,4h=0,1d=3, combined=37, retest=None"}
{"time": "2025-01-31 12:48:31,462", "level": "INFO", "module": "logging_setup", "funcName": "log", "message": "[XRPUSDT] => final=BUY, 15m=8,30m=9,1h=10,4h=0,1d=3, combined=37, retest=None"}
{"time": "2025-01-31 12:48:33,448", "level": "INFO", "module": "logging_setup", "funcName": "log", "message": "[XRPUSDT] => final=BUY, 15m=8,30m=9,1h=10,4h=0,1d=3, combined=37, retest=None"}
{"time": "2025-01-31 12:48:35,465", "level": "INFO", "module": "logging_setup", "funcName": "log", "message": "[XRPUSDT] => final=BUY, 15m=8,30m=9,1h=10,4h=0,1d=3, combined=37, retest=None"}
{"time": "2025-01-31 12:48:37,410", "level": "INFO", "module": "logging_setup", "funcName": "log", "message": "[XRPUSDT] => final=BUY, 15m=8,30m=9,1h=10,4h=0,1d=3, combined=37, retest=None"}
{"time": "2025-01-31 12:48:39,393", "level": "INFO", "module": "logging_setup", "funcName": "log", "message": "[XRPUSDT] => final=BUY, 15m=8,30m=9,1h=10,4h=0,1d=3, combined=37, retest=None"}
{"time": "2025-01-31 12:48:41,507", "level": "INFO", "module": "logging_setup", "funcName": "log", "message": "[XRPUSDT] => final=BUY, 15m=8,30m=9,1h=10,4h=0,1d=3, combined=37, retest=None"}
{"time": "2025-01-31 12:48:43,383", "level": "INFO", "module": "logging_setup", "funcName": "log", "message": "[XRPUSDT] => final=BUY, 15m=8,30m=9,1h=10,4h=0,1d=3, combined=37, retest=None"}
{"time": "2025-01-31 12:48:45,394", "level": "INFO", "module": "logging_setup", "funcName": "log", "message": "[XRPUSDT] => final=BUY, 15m=8,30m=9,1h=10,4h=0,1d=3, combined=37, retest=None"}
{"time": "2025-01-31 12:48:47,381", "level": "INFO", "module": "logging_setup", "funcName": "log", "message": "[XRPUSDT] => final=BUY, 15m=8,30m=9,1h=10,4h=0,1d=3, combined=37, retest=None"}
{"time": "2025-01-31 12:48:49,312", "level": "INFO", "module": "logging_setup", "funcName": "log", "message": "[XRPUSDT] => final=BUY, 15m=8,30m=9,1h=10,4h=0,1d=3, combined=37, retest=None"}
{"time": "2025-01-31 12:48:51,344", "level": "INFO", "module": "logging_setup", "funcName": "log", "message": "[XRPUSDT] => final=BUY, 15m=8,30m=9,1h=10,4h=0,1d=3, combined=37, retest=None"}
{"time": "2025-01-31 12:48:53,362", "level": "INFO", "module": "logging_setup", "funcName": "log", "message": "[XRPUSDT] => final=BUY, 15m=8,30m=9,1h=10,4h=0,1d=3, combined=37, retest=None"}
{"time": "2025-01-31 12:48:55,253", "level": "INFO", "module": "logging_setup", "funcName": "log", "message": "[XRPUSDT] => final=BUY, 15m=8,30m=9,1h=10,4h=0,1d=3, combined=37, retest=None"}
{"time": "2025-01-31 12:48:57,295", "level": "INFO", "module": "logging_setup", "funcName": "log", "message": "[XRPUSDT] => final=BUY, 15m=8,30m=9,1h=10,4h=0,1d=3, combined=37, retest=None"}
{"time": "2025-01-31 12:48:59,302", "level": "INFO", "module": "logging_setup", "funcName": "log", "message": "[XRPUSDT] => final=BUY, 15m=8,30m=9,1h=10,4h=0,1d=3, combined=37, retest=None"}
{"time": "2025-01-31 12:49:01,347", "level": "INFO", "module": "logging_setup", "funcName": "log", "message": "[XRPUSDT] => final=BUY, 15m=8,30m=9,1h=10,4h=0,1d=3, combined=37, retest=None"}
{"time": "2025-01-31 12:49:09,460", "level": "INFO", "module": "logging_setup", "funcName": "log", "message": "[XRPUSDT] => final=BUY, 15m=8,30m=9,1h=10,4h=0,1d=3, combined=37, retest=None"}
{"time": "2025-01-31 12:49:11,408", "level": "INFO", "module": "logging_setup", "funcName": "log", "message": "[XRPUSDT] => final=BUY, 15m=8,30m=9,1h=10,4h=0,1d=3, combined=37, retest=None"}
{"time": "2025-01-31 12:49:13,330", "level": "INFO", "module": "logging_setup", "funcName": "log", "message": "[XRPUSDT] => final=BUY, 15m=8,30m=9,1h=10,4h=0,1d=3, combined=37, retest=None"}
{"time": "2025-01-31 12:50:06,337", "level": "INFO", "module": "logging_setup", "funcName": "log", "message": "[XRPUSDT] => final=BUY, 15m=8,30m=9,1h=10,4h=0,1d=3, combined=37, retest=None"}
{"time": "2025-01-31 12:50:08,203", "level": "INFO", "module": "logging_setup", "funcName": "log", "message": "[XRPUSDT] => final=BUY, 15m=8,30m=9,1h=10,4h=0,1d=3, combined=37, retest=None"}
{"time": "2025-01-31 12:50:10,049", "level": "INFO", "module": "logging_setup", "funcName": "log", "message": "[XRPUSDT] => final=BUY, 15m=8,30m=9,1h=10,4h=0,1d=3, combined=37, retest=None"}
{"time": "2025-01-31 12:50:12,120", "level": "INFO", "module": "logging_setup", "funcName": "log", "message": "[XRPUSDT] => final=BUY, 15m=8,30m=9,1h=10,4h=0,1d=3, combined=37, retest=None"}
{"time": "2025-01-31 12:50:13,966", "level": "INFO", "module": "logging_setup", "funcName": "log", "message": "[XRPUSDT] => final=BUY, 15m=8,30m=9,1h=10,4h=0,1d=3, combined=37, retest=None"}
{"time": "2025-01-31 12:50:15,892", "level": "INFO", "module": "logging_setup", "funcName": "log", "message": "[XRPUSDT] => final=BUY, 15m=8,30m=9,1h=10,4h=0,1d=3, combined=37, retest=None"}
{"time": "2025-01-31 12:50:17,799", "level": "INFO", "module": "logging_setup", "funcName": "log", "message": "[XRPUSDT] => final=BUY, 15m=8,30m=9,1h=10,4h=0,1d=3, combined=37, retest=None"}
{"time": "2025-01-31 12:50:19,808", "level": "INFO", "module": "logging_setup", "funcName": "log", "message": "[XRPUSDT] => final=BUY, 15m=8,30m=9,1h=10,4h=0,1d=3, combined=37, retest=None"}
{"time": "2025-01-31 12:50:21,843", "level": "INFO", "module": "logging_setup", "funcName": "log", "message": "[XRPUSDT] => final=BUY, 15m=8,30m=9,1h=10,4h=0,1d=3, combined=37, retest=None"}
{"time": "2025-01-31 12:50:23,730", "level": "INFO", "module": "logging_setup", "funcName": "log", "message": "[XRPUSDT] => final=BUY, 15m=8,30m=9,1h=10,4h=0,1d=3, combined=37, retest=None"}
{"time": "2025-01-31 12:50:25,697", "level": "INFO", "module": "logging_setup", "funcName": "log", "message": "[XRPUSDT] => final=BUY, 15m=8,30m=9,1h=10,4h=0,1d=3, combined=37, retest=None"}
{"time": "2025-01-31 12:50:27,727", "level": "INFO", "module": "logging_setup", "funcName": "log", "message": "[XRPUSDT] => final=BUY, 15m=8,30m=9,1h=10,4h=0,1d=3, combined=37, retest=None"}
{"time": "2025-01-31 12:50:29,685", "level": "INFO", "module": "logging_setup", "funcName": "log", "message": "[XRPUSDT] => final=BUY, 15m=8,30m=9,1h=10,4h=0,1d=3, combined=37, retest=None"}
{"time": "2025-01-31 12:50:31,624", "level": "INFO", "module": "logging_setup", "funcName": "log", "message": "[XRPUSDT] => final=BUY, 15m=8,30m=9,1h=10,4h=0,1d=3, combined=37, retest=None"}
{"time": "2025-01-31 12:50:33,504", "level": "INFO", "module": "logging_setup", "funcName": "log", "message": "[XRPUSDT] => final=BUY, 15m=8,30m=9,1h=10,4h=0,1d=3, combined=37, retest=None"}
{"time": "2025-01-31 12:50:35,414", "level": "INFO", "module": "logging_setup", "funcName": "log", "message": "[XRPUSDT] => final=BUY, 15m=8,30m=9,1h=10,4h=0,1d=3, combined=37, retest=None"}
{"time": "2025-01-31 12:50:37,319", "level": "INFO", "module": "logging_setup", "funcName": "log", "message": "[XRPUSDT] => final=BUY, 15m=8,30m=9,1h=10,4h=0,1d=3, combined=37, retest=None"}
{"time": "2025-01-31 12:50:39,272", "level": "INFO", "module": "logging_setup", "funcName": "log", "message": "[XRPUSDT] => final=BUY, 15m=8,30m=9,1h=10,4h=0,1d=3, combined=37, retest=None"}
{"time": "2025-01-31 12:50:41,358", "level": "INFO", "module": "logging_setup", "funcName": "log", "message": "[XRPUSDT] => final=BUY, 15m=8,30m=9,1h=10,4h=0,1d=3, combined=37, retest=None"}
{"time": "2025-01-31 12:50:43,230", "level": "INFO", "module": "logging_setup", "funcName": "log", "message": "[XRPUSDT] => final=BUY, 15m=8,30m=9,1h=10,4h=0,1d=3, combined=37, retest=None"}
{"time": "2025-01-31 12:50:45,235", "level": "INFO", "module": "logging_setup", "funcName": "log", "message": "[XRPUSDT] => final=BUY, 15m=8,30m=9,1h=10,4h=0,1d=3, combined=37, retest=None"}
{"time": "2025-01-31 12:50:47,136", "level": "INFO", "module": "logging_setup", "funcName": "log", "message": "[XRPUSDT] => final=BUY, 15m=8,30m=9,1h=10,4h=0,1d=3, combined=37, retest=None"}
{"time": "2025-01-31 12:50:49,018", "level": "INFO", "module": "logging_setup", "funcName": "log", "message": "[XRPUSDT] => final=BUY, 15m=8,30m=9,1h=10,4h=0,1d=3, combined=37, retest=None"}
{"time": "2025-01-31 12:50:50,896", "level": "INFO", "module": "logging_setup", "funcName": "log", "message": "[XRPUSDT] => final=BUY, 15m=8,30m=9,1h=10,4h=0,1d=3, combined=37, retest=None"}
{"time": "2025-01-31 12:50:52,808", "level": "INFO", "module": "logging_setup", "funcName": "log", "message": "[XRPUSDT] => final=BUY, 15m=8,30m=9,1h=10,4h=0,1d=3, combined=37, retest=None"}
{"time": "2025-01-31 12:50:54,813", "level": "INFO", "module": "logging_setup", "funcName": "log", "message": "[XRPUSDT] => final=BUY, 15m=8,30m=9,1h=10,4h=0,1d=3, combined=37, retest=None"}
{"time": "2025-01-31 12:50:56,726", "level": "INFO", "module": "logging_setup", "funcName": "log", "message": "[XRPUSDT] => final=BUY, 15m=8,30m=9,1h=10,4h=0,1d=3, combined=37, retest=None"}
{"time": "2025-01-31 12:50:58,655", "level": "INFO", "module": "logging_setup", "funcName": "log", "message": "[XRPUSDT] => final=BUY, 15m=8,30m=9,1h=10,4h=0,1d=3, combined=37, retest=None"}
{"time": "2025-01-31 12:51:00,547", "level": "INFO", "module": "logging_setup", "funcName": "log", "message": "[XRPUSDT] => final=BUY, 15m=8,30m=9,1h=10,4h=0,1d=3, combined=37, retest=None"}
{"time": "2025-01-31 12:51:02,572", "level": "INFO", "module": "logging_setup", "funcName": "log", "message": "[XRPUSDT] => final=BUY, 15m=8,30m=9,1h=10,4h=0,1d=3, combined=37, retest=None"}
{"time": "2025-01-31 12:51:04,524", "level": "INFO", "module": "logging_setup", "funcName": "log", "message": "[XRPUSDT] => final=BUY, 15m=8,30m=9,1h=10,4h=0,1d=3, combined=37, retest=None"}
{"time": "2025-01-31 12:51:06,529", "level": "INFO", "module": "logging_setup", "funcName": "log", "message": "[XRPUSDT] => final=BUY, 15m=8,30m=9,1h=10,4h=0,1d=3, combined=37, retest=None"}
{"time": "2025-01-31 12:51:08,544", "level": "INFO", "module": "logging_setup", "funcName": "log", "message": "[XRPUSDT] => final=BUY, 15m=8,30m=9,1h=10,4h=0,1d=3, combined=37, retest=None"}
{"time": "2025-01-31 12:51:10,488", "level": "INFO", "module": "logging_setup", "funcName": "log", "message": "[XRPUSDT] => final=BUY, 15m=8,30m=9,1h=10,4h=0,1d=3, combined=37, retest=None"}
{"time": "2025-01-31 12:51:12,839", "level": "INFO", "module": "logging_setup", "funcName": "log", "message": "[XRPUSDT] => final=BUY, 15m=8,30m=9,1h=10,4h=0,1d=3, combined=37, retest=None"}
{"time": "2025-01-31 12:51:14,800", "level": "INFO", "module": "logging_setup", "funcName": "log", "message": "[XRPUSDT] => final=BUY, 15m=8,30m=9,1h=10,4h=0,1d=3, combined=37, retest=None"}
{"time": "2025-01-31 12:51:16,933", "level": "INFO", "module": "logging_setup", "funcName": "log", "message": "[XRPUSDT] => final=BUY, 15m=8,30m=9,1h=10,4h=0,1d=3, combined=37, retest=None"}
{"time": "2025-01-31 12:51:19,056", "level": "INFO", "module": "logging_setup", "funcName": "log", "message": "[XRPUSDT] => final=BUY, 15m=8,30m=9,1h=10,4h=0,1d=3, combined=37, retest=None"}
{"time": "2025-01-31 12:51:20,986", "level": "INFO", "module": "logging_setup", "funcName": "log", "message": "[XRPUSDT] => final=BUY, 15m=8,30m=9,1h=10,4h=0,1d=3, combined=37, retest=None"}
{"time": "2025-01-31 12:51:22,912", "level": "INFO", "module": "logging_setup", "funcName": "log", "message": "[XRPUSDT] => final=BUY, 15m=8,30m=9,1h=10,4h=0,1d=3, combined=37, retest=None"}
{"time": "2025-01-31 12:51:25,167", "level": "INFO", "module": "logging_setup", "funcName": "log", "message": "[XRPUSDT] => final=BUY, 15m=8,30m=9,1h=10,4h=0,1d=3, combined=37, retest=None"}
{"time": "2025-01-31 12:51:27,084", "level": "INFO", "module": "logging_setup", "funcName": "log", "message": "[XRPUSDT] => final=BUY, 15m=8,30m=9,1h=10,4h=0,1d=3, combined=37, retest=None"}
{"time": "2025-01-31 12:51:29,151", "level": "INFO", "module": "logging_setup", "funcName": "log", "message": "[XRPUSDT] => final=BUY, 15m=8,30m=9,1h=10,4h=0,1d=3, combined=37, retest=None"}
{"time": "2025-01-31 12:51:31,098", "level": "INFO", "module": "logging_setup", "funcName": "log", "message": "[XRPUSDT] => final=BUY, 15m=8,30m=9,1h=10,4h=0,1d=3, combined=37, retest=None"}
{"time": "2025-01-31 12:51:32,998", "level": "INFO", "module": "logging_setup", "funcName": "log", "message": "[XRPUSDT] => final=BUY, 15m=8,30m=9,1h=10,4h=0,1d=3, combined=37, retest=None"}
{"time": "2025-01-31 12:51:34,892", "level": "INFO", "module": "logging_setup", "funcName": "log", "message": "[XRPUSDT] => final=BUY, 15m=8,30m=9,1h=10,4h=0,1d=3, combined=37, retest=None"}
{"time": "2025-01-31 12:51:36,852", "level": "INFO", "module": "logging_setup", "funcName": "log", "message": "[XRPUSDT] => final=BUY, 15m=8,30m=9,1h=10,4h=0,1d=3, combined=37, retest=None"}
{"time": "2025-01-31 12:51:38,869", "level": "INFO", "module": "logging_setup", "funcName": "log", "message": "[XRPUSDT] => final=BUY, 15m=8,30m=9,1h=10,4h=0,1d=3, combined=37, retest=None"}
{"time": "2025-01-31 12:51:40,804", "level": "INFO", "module": "logging_setup", "funcName": "log", "message": "[XRPUSDT] => final=BUY, 15m=8,30m=9,1h=10,4h=0,1d=3, combined=37, retest=None"}
{"time": "2025-01-31 12:51:42,708", "level": "INFO", "module": "logging_setup", "funcName": "log", "message": "[XRPUSDT] => final=BUY, 15m=8,30m=9,1h=10,4h=0,1d=3, combined=37, retest=None"}
{"time": "2025-01-31 12:51:45,018", "level": "INFO", "module": "logging_setup", "funcName": "log", "message": "[XRPUSDT] => final=BUY, 15m=8,30m=9,1h=10,4h=0,1d=3, combined=37, retest=None"}
{"time": "2025-01-31 12:51:46,914", "level": "INFO", "module": "logging_setup", "funcName": "log", "message": "[XRPUSDT] => final=BUY, 15m=8,30m=9,1h=10,4h=0,1d=3, combined=37, retest=None"}
{"time": "2025-01-31 12:51:48,807", "level": "INFO", "module": "logging_setup", "funcName": "log", "message": "[XRPUSDT] => final=BUY, 15m=8,30m=9,1h=10,4h=0,1d=3, combined=37, retest=None"}
{"time": "2025-01-31 12:51:56,869", "level": "INFO", "module": "logging_setup", "funcName": "log", "message": "[XRPUSDT] => final=BUY, 15m=8,30m=9,1h=10,4h=0,1d=3, combined=37, retest=None"}
{"time": "2025-01-31 12:51:58,807", "level": "INFO", "module": "logging_setup", "funcName": "log", "message": "[XRPUSDT] => final=BUY, 15m=8,30m=9,1h=10,4h=0,1d=3, combined=37, retest=None"}
{"time": "2025-01-31 12:52:00,756", "level": "INFO", "module": "logging_setup", "funcName": "log", "message": "[XRPUSDT] => final=BUY, 15m=8,30m=9,1h=10,4h=0,1d=3, combined=37, retest=None"}
{"time": "2025-01-31 12:52:55,942", "level": "INFO", "module": "logging_setup", "funcName": "log", "message": "[XRPUSDT] => final=BUY, 15m=8,30m=9,1h=10,4h=0,1d=3, combined=37, retest=None"}
{"time": "2025-01-31 12:52:57,915", "level": "INFO", "module": "logging_setup", "funcName": "log", "message": "[XRPUSDT] => final=BUY, 15m=8,30m=9,1h=10,4h=0,1d=3, combined=37, retest=None"}
{"time": "2025-01-31 12:52:59,809", "level": "INFO", "module": "logging_setup", "funcName": "log", "message": "[XRPUSDT] => final=BUY, 15m=8,30m=9,1h=10,4h=0,1d=3, combined=37, retest=None"}
{"time": "2025-01-31 12:53:01,714", "level": "INFO", "module": "logging_setup", "funcName": "log", "message": "[XRPUSDT] => final=BUY, 15m=8,30m=9,1h=10,4h=0,1d=3, combined=37, retest=None"}
{"time": "2025-01-31 12:53:03,577", "level": "INFO", "module": "logging_setup", "funcName": "log", "message": "[XRPUSDT] => final=BUY, 15m=8,30m=9,1h=10,4h=0,1d=3, combined=37, retest=None"}
{"time": "2025-01-31 12:53:05,495", "level": "INFO", "module": "logging_setup", "funcName": "log", "message": "[XRPUSDT] => final=BUY, 15m=8,30m=9,1h=10,4h=0,1d=3, combined=37, retest=None"}
{"time": "2025-01-31 12:53:07,383", "level": "INFO", "module": "logging_setup", "funcName": "log", "message": "[XRPUSDT] => final=BUY, 15m=8,30m=9,1h=10,4h=0,1d=3, combined=37, retest=None"}
{"time": "2025-01-31 12:53:09,325", "level": "INFO", "module": "logging_setup", "funcName": "log", "message": "[XRPUSDT] => final=BUY, 15m=8,30m=9,1h=10,4h=0,1d=3, combined=37, retest=None"}
{"time": "2025-01-31 12:53:11,409", "level": "INFO", "module": "logging_setup", "funcName": "log", "message": "[XRPUSDT] => final=BUY, 15m=8,30m=9,1h=10,4h=0,1d=3, combined=37, retest=None"}
{"time": "2025-01-31 12:53:13,289", "level": "INFO", "module": "logging_setup", "funcName": "log", "message": "[XRPUSDT] => final=BUY, 15m=8,30m=9,1h=10,4h=0,1d=3, combined=37, retest=None"}
{"time": "2025-01-31 12:53:15,165", "level": "INFO", "module": "logging_setup", "funcName": "log", "message": "[XRPUSDT] => final=BUY, 15m=8,30m=9,1h=10,4h=0,1d=3, combined=37, retest=None"}
{"time": "2025-01-31 12:53:17,040", "level": "INFO", "module": "logging_setup", "funcName": "log", "message": "[XRPUSDT] => final=BUY, 15m=8,30m=9,1h=10,4h=0,1d=3, combined=37, retest=None"}
{"time": "2025-01-31 12:53:19,105", "level": "INFO", "module": "logging_setup", "funcName": "log", "message": "[XRPUSDT] => final=BUY, 15m=8,30m=9,1h=10,4h=0,1d=3, combined=37, retest=None"}
{"time": "2025-01-31 12:53:21,003", "level": "INFO", "module": "logging_setup", "funcName": "log", "message": "[XRPUSDT] => final=BUY, 15m=8,30m=9,1h=10,4h=0,1d=3, combined=37, retest=None"}
{"time": "2025-01-31 12:53:22,863", "level": "INFO", "module": "logging_setup", "funcName": "log", "message": "[XRPUSDT] => final=BUY, 15m=8,30m=9,1h=10,4h=0,1d=3, combined=37, retest=None"}
{"time": "2025-01-31 12:53:24,861", "level": "INFO", "module": "logging_setup", "funcName": "log", "message": "[XRPUSDT] => final=BUY, 15m=8,30m=9,1h=10,4h=0,1d=3, combined=37, retest=None"}
{"time": "2025-01-31 12:53:26,744", "level": "INFO", "module": "logging_setup", "funcName": "log", "message": "[XRPUSDT] => final=BUY, 15m=8,30m=9,1h=10,4h=0,1d=3, combined=37, retest=None"}
{"time": "2025-01-31 12:53:28,683", "level": "INFO", "module": "logging_setup", "funcName": "log", "message": "[XRPUSDT] => final=BUY, 15m=8,30m=9,1h=10,4h=0,1d=3, combined=37, retest=None"}
{"time": "2025-01-31 12:53:30,596", "level": "INFO", "module": "logging_setup", "funcName": "log", "message": "[XRPUSDT] => final=BUY, 15m=8,30m=9,1h=10,4h=0,1d=3, combined=37, retest=None"}
{"time": "2025-01-31 12:53:32,455", "level": "INFO", "module": "logging_setup", "funcName": "log", "message": "[XRPUSDT] => final=BUY, 15m=8,30m=9,1h=10,4h=0,1d=3, combined=37, retest=None"}
{"time": "2025-01-31 12:53:34,414", "level": "INFO", "module": "logging_setup", "funcName": "log", "message": "[XRPUSDT] => final=BUY, 15m=8,30m=9,1h=10,4h=0,1d=3, combined=37, retest=None"}
{"time": "2025-01-31 12:53:36,304", "level": "INFO", "module": "logging_setup", "funcName": "log", "message": "[XRPUSDT] => final=BUY, 15m=8,30m=9,1h=10,4h=0,1d=3, combined=37, retest=None"}
{"time": "2025-01-31 12:53:38,207", "level": "INFO", "module": "logging_setup", "funcName": "log", "message": "[XRPUSDT] => final=BUY, 15m=8,30m=9,1h=10,4h=0,1d=3, combined=37, retest=None"}
{"time": "2025-01-31 12:53:40,121", "level": "INFO", "module": "logging_setup", "funcName": "log", "message": "[XRPUSDT] => final=BUY, 15m=8,30m=9,1h=10,4h=0,1d=3, combined=37, retest=None"}
{"time": "2025-01-31 12:53:42,058", "level": "INFO", "module": "logging_setup", "funcName": "log", "message": "[XRPUSDT] => final=BUY, 15m=8,30m=9,1h=10,4h=0,1d=3, combined=37, retest=None"}
{"time": "2025-01-31 12:53:43,933", "level": "INFO", "module": "logging_setup", "funcName": "log", "message": "[XRPUSDT] => final=BUY, 15m=8,30m=9,1h=10,4h=0,1d=3, combined=37, retest=None"}
{"time": "2025-01-31 12:53:45,855", "level": "INFO", "module": "logging_setup", "funcName": "log", "message": "[XRPUSDT] => final=BUY, 15m=8,30m=9,1h=10,4h=0,1d=3, combined=37, retest=None"}
{"time": "2025-01-31 12:53:47,707", "level": "INFO", "module": "logging_setup", "funcName": "log", "message": "[XRPUSDT] => final=BUY, 15m=8,30m=9,1h=10,4h=0,1d=3, combined=37, retest=None"}
{"time": "2025-01-31 12:53:49,748", "level": "INFO", "module": "logging_setup", "funcName": "log", "message": "[XRPUSDT] => final=BUY, 15m=8,30m=9,1h=10,4h=0,1d=3, combined=37, retest=None"}
{"time": "2025-01-31 12:53:51,696", "level": "INFO", "module": "logging_setup", "funcName": "log", "message": "[XRPUSDT] => final=BUY, 15m=8,30m=9,1h=10,4h=0,1d=3, combined=37, retest=None"}
{"time": "2025-01-31 12:53:53,598", "level": "INFO", "module": "logging_setup", "funcName": "log", "message": "[XRPUSDT] => final=BUY, 15m=8,30m=9,1h=10,4h=0,1d=3, combined=37, retest=None"}
{"time": "2025-01-31 12:53:55,540", "level": "INFO", "module": "logging_setup", "funcName": "log", "message": "[XRPUSDT] => final=BUY, 15m=8,30m=9,1h=10,4h=0,1d=3, combined=37, retest=None"}
{"time": "2025-01-31 12:53:57,411", "level": "INFO", "module": "logging_setup", "funcName": "log", "message": "[XRPUSDT] => final=BUY, 15m=8,30m=9,1h=10,4h=0,1d=3, combined=37, retest=None"}
{"time": "2025-01-31 12:53:59,319", "level": "INFO", "module": "logging_setup", "funcName": "log", "message": "[XRPUSDT] => final=BUY, 15m=8,30m=9,1h=10,4h=0,1d=3, combined=37, retest=None"}
{"time": "2025-01-31 12:54:01,203", "level": "INFO", "module": "logging_setup", "funcName": "log", "message": "[XRPUSDT] => final=BUY, 15m=8,30m=9,1h=10,4h=0,1d=3, combined=37, retest=None"}
{"time": "2025-01-31 12:54:03,072", "level": "INFO", "module": "logging_setup", "funcName": "log", "message": "[XRPUSDT] => final=BUY, 15m=8,30m=9,1h=10,4h=0,1d=3, combined=37, retest=None"}
{"time": "2025-01-31 12:54:05,515", "level": "INFO", "module": "logging_setup", "funcName": "log", "message": "[XRPUSDT] => final=BUY, 15m=8,30m=9,1h=10,4h=0,1d=3, combined=37, retest=None"}
{"time": "2025-01-31 12:54:07,609", "level": "INFO", "module": "logging_setup", "funcName": "log", "message": "[XRPUSDT] => final=BUY, 15m=8,30m=9,1h=10,4h=0,1d=3, combined=37, retest=None"}
{"time": "2025-01-31 12:54:09,457", "level": "INFO", "module": "logging_setup", "funcName": "log", "message": "[XRPUSDT] => final=BUY, 15m=8,30m=9,1h=10,4h=0,1d=3, combined=37, retest=None"}
{"time": "2025-01-31 12:54:11,404", "level": "INFO", "module": "logging_setup", "funcName": "log", "message": "[XRPUSDT] => final=BUY, 15m=8,30m=9,1h=10,4h=0,1d=3, combined=37, retest=None"}
{"time": "2025-01-31 12:54:13,329", "level": "INFO", "module": "logging_setup", "funcName": "log", "message": "[XRPUSDT] => final=BUY, 15m=8,30m=9,1h=10,4h=0,1d=3, combined=37, retest=None"}
{"time": "2025-01-31 12:54:15,218", "level": "INFO", "module": "logging_setup", "funcName": "log", "message": "[XRPUSDT] => final=BUY, 15m=8,30m=9,1h=10,4h=0,1d=3, combined=37, retest=None"}
{"time": "2025-01-31 12:54:17,110", "level": "INFO", "module": "logging_setup", "funcName": "log", "message": "[XRPUSDT] => final=BUY, 15m=8,30m=9,1h=10,4h=0,1d=3, combined=37, retest=None"}
{"time": "2025-01-31 12:54:19,103", "level": "INFO", "module": "logging_setup", "funcName": "log", "message": "[XRPUSDT] => final=BUY, 15m=8,30m=9,1h=10,4h=0,1d=3, combined=37, retest=None"}
{"time": "2025-01-31 12:54:21,119", "level": "INFO", "module": "logging_setup", "funcName": "log", "message": "[XRPUSDT] => final=BUY, 15m=8,30m=9,1h=10,4h=0,1d=3, combined=37, retest=None"}
{"time": "2025-01-31 12:54:23,090", "level": "INFO", "module": "logging_setup", "funcName": "log", "message": "[XRPUSDT] => final=BUY, 15m=8,30m=9,1h=10,4h=0,1d=3, combined=37, retest=None"}
{"time": "2025-01-31 12:54:25,082", "level": "INFO", "module": "logging_setup", "funcName": "log", "message": "[XRPUSDT] => final=BUY, 15m=8,30m=9,1h=10,4h=0,1d=3, combined=37, retest=None"}
{"time": "2025-01-31 12:54:27,216", "level": "INFO", "module": "logging_setup", "funcName": "log", "message": "[XRPUSDT] => final=BUY, 15m=8,30m=9,1h=10,4h=0,1d=3, combined=37, retest=None"}
{"time": "2025-01-31 12:54:29,400", "level": "INFO", "module": "logging_setup", "funcName": "log", "message": "[XRPUSDT] => final=BUY, 15m=8,30m=9,1h=10,4h=0,1d=3, combined=37, retest=None"}
{"time": "2025-01-31 12:54:31,575", "level": "INFO", "module": "logging_setup", "funcName": "log", "message": "[XRPUSDT] => final=BUY, 15m=8,30m=9,1h=10,4h=0,1d=3, combined=37, retest=None"}
{"time": "2025-01-31 12:54:33,888", "level": "INFO", "module": "logging_setup", "funcName": "log", "message": "[XRPUSDT] => final=BUY, 15m=8,30m=9,1h=10,4h=0,1d=3, combined=37, retest=None"}
{"time": "2025-01-31 12:54:35,874", "level": "INFO", "module": "logging_setup", "funcName": "log", "message": "[XRPUSDT] => final=BUY, 15m=8,30m=9,1h=10,4h=0,1d=3, combined=37, retest=None"}
{"time": "2025-01-31 12:54:38,026", "level": "INFO", "module": "logging_setup", "funcName": "log", "message": "[XRPUSDT] => final=BUY, 15m=8,30m=9,1h=10,4h=0,1d=3, combined=37, retest=None"}
{"time": "2025-01-31 12:54:39,999", "level": "INFO", "module": "logging_setup", "funcName": "log", "message": "[XRPUSDT] => final=BUY, 15m=8,30m=9,1h=10,4h=0,1d=3, combined=37, retest=None"}
{"time": "2025-01-31 12:54:42,087", "level": "INFO", "module": "logging_setup", "funcName": "log", "message": "[XRPUSDT] => final=BUY, 15m=8,30m=9,1h=10,4h=0,1d=3, combined=37, retest=None"}
{"time": "2025-01-31 12:54:44,194", "level": "INFO", "module": "logging_setup", "funcName": "log", "message": "[XRPUSDT] => final=BUY, 15m=8,30m=9,1h=10,4h=0,1d=3, combined=37, retest=None"}
{"time": "2025-01-31 12:54:46,184", "level": "INFO", "module": "logging_setup", "funcName": "log", "message": "[XRPUSDT] => final=BUY, 15m=8,30m=9,1h=10,4h=0,1d=3, combined=37, retest=None"}
{"time": "2025-01-31 12:54:54,373", "level": "INFO", "module": "logging_setup", "funcName": "log", "message": "[XRPUSDT] => final=BUY, 15m=8,30m=9,1h=10,4h=0,1d=3, combined=37, retest=None"}
{"time": "2025-01-31 12:54:56,300", "level": "INFO", "module": "logging_setup", "funcName": "log", "message": "[XRPUSDT] => final=BUY, 15m=8,30m=9,1h=10,4h=0,1d=3, combined=37, retest=None"}
{"time": "2025-01-31 12:54:58,222", "level": "INFO", "module": "logging_setup", "funcName": "log", "message": "[XRPUSDT] => final=BUY, 15m=8,30m=9,1h=10,4h=0,1d=3, combined=37, retest=None"}
{"time": "2025-01-31 12:55:00,096", "level": "INFO", "module": "logging_setup", "funcName": "log", "message": "[XRPUSDT] => final=BUY, 15m=8,30m=9,1h=10,4h=0,1d=3, combined=37, retest=None"}
{"time": "2025-01-31 12:55:54,175", "level": "INFO", "module": "logging_setup", "funcName": "log", "message": "[XRPUSDT] => final=BUY, 15m=8,30m=9,1h=10,4h=0,1d=3, combined=37, retest=None"}
{"time": "2025-01-31 12:55:56,048", "level": "INFO", "module": "logging_setup", "funcName": "log", "message": "[XRPUSDT] => final=BUY, 15m=8,30m=9,1h=10,4h=0,1d=3, combined=37, retest=None"}
{"time": "2025-01-31 12:55:57,993", "level": "INFO", "module": "logging_setup", "funcName": "log", "message": "[XRPUSDT] => final=BUY, 15m=8,30m=9,1h=10,4h=0,1d=3, combined=37, retest=None"}
{"time": "2025-01-31 12:55:58,308", "level": "INFO", "module": "logging_setup", "funcName": "log", "message": "[XRPUSDT] => final=BUY, 15m=8,30m=9,1h=10,4h=0,1d=3, combined=37, retest=None"}
{"time": "2025-01-31 12:56:00,102", "level": "INFO", "module": "logging_setup", "funcName": "log", "message": "[XRPUSDT] => final=BUY, 15m=8,30m=9,1h=10,4h=0,1d=3, combined=37, retest=None"}
{"time": "2025-01-31 12:56:01,813", "level": "INFO", "module": "logging_setup", "funcName": "log", "message": "[XRPUSDT] => final=BUY, 15m=8,30m=9,1h=10,4h=0,1d=3, combined=37, retest=None"}
{"time": "2025-01-31 12:56:03,516", "level": "INFO", "module": "logging_setup", "funcName": "log", "message": "[XRPUSDT] => final=BUY, 15m=8,30m=9,1h=10,4h=0,1d=3, combined=37, retest=None"}
{"time": "2025-01-31 12:56:05,402", "level": "INFO", "module": "logging_setup", "funcName": "log", "message": "[XRPUSDT] => final=BUY, 15m=8,30m=9,1h=10,4h=0,1d=3, combined=37, retest=None"}
{"time": "2025-01-31 12:56:07,150", "level": "INFO", "module": "logging_setup", "funcName": "log", "message": "[XRPUSDT] => final=BUY, 15m=8,30m=9,1h=10,4h=0,1d=3, combined=37, retest=None"}
{"time": "2025-01-31 12:56:08,973", "level": "INFO", "module": "logging_setup", "funcName": "log", "message": "[XRPUSDT] => final=BUY, 15m=8,30m=9,1h=10,4h=0,1d=3, combined=37, retest=None"}
{"time": "2025-01-31 12:56:11,686", "level": "INFO", "module": "logging_setup", "funcName": "log", "message": "[XRPUSDT] => final=BUY, 15m=8,30m=9,1h=10,4h=0,1d=3, combined=37, retest=None"}
{"time": "2025-01-31 12:56:17,584", "level": "INFO", "module": "logging_setup", "funcName": "log", "message": "[XRPUSDT] => final=BUY, 15m=8,30m=9,1h=10,4h=0,1d=3, combined=37, retest=None"}
{"time": "2025-01-31 12:56:19,773", "level": "INFO", "module": "logging_setup", "funcName": "log", "message": "[XRPUSDT] => final=BUY, 15m=8,30m=9,1h=10,4h=0,1d=3, combined=37, retest=None"}
{"time": "2025-01-31 12:56:21,491", "level": "INFO", "module": "logging_setup", "funcName": "log", "message": "[XRPUSDT] => final=BUY, 15m=8,30m=9,1h=10,4h=0,1d=3, combined=37, retest=None"}
{"time": "2025-01-31 12:56:23,246", "level": "INFO", "module": "logging_setup", "funcName": "log", "message": "[XRPUSDT] => final=BUY, 15m=8,30m=9,1h=10,4h=0,1d=3, combined=37, retest=None"}
{"time": "2025-01-31 12:56:25,089", "level": "INFO", "module": "logging_setup", "funcName": "log", "message": "[XRPUSDT] => final=BUY, 15m=8,30m=9,1h=10,4h=0,1d=3, combined=37, retest=None"}
{"time": "2025-01-31 12:56:26,834", "level": "INFO", "module": "logging_setup", "funcName": "log", "message": "[XRPUSDT] => final=BUY, 15m=8,30m=9,1h=10,4h=0,1d=3, combined=37, retest=None"}
{"time": "2025-01-31 12:56:28,560", "level": "INFO", "module": "logging_setup", "funcName": "log", "message": "[XRPUSDT] => final=BUY, 15m=8,30m=9,1h=10,4h=0,1d=3, combined=37, retest=None"}
{"time": "2025-01-31 12:56:30,324", "level": "INFO", "module": "logging_setup", "funcName": "log", "message": "[XRPUSDT] => final=BUY, 15m=8,30m=9,1h=10,4h=0,1d=3, combined=37, retest=None"}
{"time": "2025-01-31 12:56:32,079", "level": "INFO", "module": "logging_setup", "funcName": "log", "message": "[XRPUSDT] => final=BUY, 15m=8,30m=9,1h=10,4h=0,1d=3, combined=37, retest=None"}
{"time": "2025-01-31 12:56:33,863", "level": "INFO", "module": "logging_setup", "funcName": "log", "message": "[XRPUSDT] => final=BUY, 15m=8,30m=9,1h=10,4h=0,1d=3, combined=37, retest=None"}
{"time": "2025-01-31 12:56:35,959", "level": "INFO", "module": "logging_setup", "funcName": "log", "message": "[XRPUSDT] => final=BUY, 15m=8,30m=9,1h=10,4h=0,1d=3, combined=37, retest=None"}
{"time": "2025-01-31 12:56:37,684", "level": "INFO", "module": "logging_setup", "funcName": "log", "message": "[XRPUSDT] => final=BUY, 15m=8,30m=9,1h=10,4h=0,1d=3, combined=37, retest=None"}
{"time": "2025-01-31 12:56:39,436", "level": "INFO", "module": "logging_setup", "funcName": "log", "message": "[XRPUSDT] => final=BUY, 15m=8,30m=9,1h=10,4h=0,1d=3, combined=37, retest=None"}
{"time": "2025-01-31 12:56:41,317", "level": "INFO", "module": "logging_setup", "funcName": "log", "message": "[XRPUSDT] => final=BUY, 15m=8,30m=9,1h=10,4h=0,1d=3, combined=37, retest=None"}
{"time": "2025-01-31 12:56:43,266", "level": "INFO", "module": "logging_setup", "funcName": "log", "message": "[XRPUSDT] => final=BUY, 15m=8,30m=9,1h=10,4h=0,1d=3, combined=37, retest=None"}
{"time": "2025-01-31 12:56:45,093", "level": "INFO", "module": "logging_setup", "funcName": "log", "message": "[XRPUSDT] => final=BUY, 15m=8,30m=9,1h=10,4h=0,1d=3, combined=37, retest=None"}
{"time": "2025-01-31 12:56:46,824", "level": "INFO", "module": "logging_setup", "funcName": "log", "message": "[XRPUSDT] => final=BUY, 15m=8,30m=9,1h=10,4h=0,1d=3, combined=37, retest=None"}
{"time": "2025-01-31 12:56:48,569", "level": "INFO", "module": "logging_setup", "funcName": "log", "message": "[XRPUSDT] => final=BUY, 15m=8,30m=9,1h=10,4h=0,1d=3, combined=37, retest=None"}
{"time": "2025-01-31 12:56:50,311", "level": "INFO", "module": "logging_setup", "funcName": "log", "message": "[XRPUSDT] => final=BUY, 15m=8,30m=9,1h=10,4h=0,1d=3, combined=37, retest=None"}
{"time": "2025-01-31 12:56:52,135", "level": "INFO", "module": "logging_setup", "funcName": "log", "message": "[XRPUSDT] => final=BUY, 15m=8,30m=9,1h=10,4h=0,1d=3, combined=37, retest=None"}
{"time": "2025-01-31 12:56:53,867", "level": "INFO", "module": "logging_setup", "funcName": "log", "message": "[XRPUSDT] => final=BUY, 15m=8,30m=9,1h=10,4h=0,1d=3, combined=37, retest=None"}
{"time": "2025-01-31 12:56:55,613", "level": "INFO", "module": "logging_setup", "funcName": "log", "message": "[XRPUSDT] => final=BUY, 15m=8,30m=9,1h=10,4h=0,1d=3, combined=37, retest=None"}
{"time": "2025-01-31 12:56:57,336", "level": "INFO", "module": "logging_setup", "funcName": "log", "message": "[XRPUSDT] => final=BUY, 15m=8,30m=9,1h=10,4h=0,1d=3, combined=37, retest=None"}
{"time": "2025-01-31 12:56:59,177", "level": "INFO", "module": "logging_setup", "funcName": "log", "message": "[XRPUSDT] => final=BUY, 15m=8,30m=9,1h=10,4h=0,1d=3, combined=37, retest=None"}
{"time": "2025-01-31 12:57:00,925", "level": "INFO", "module": "logging_setup", "funcName": "log", "message": "[XRPUSDT] => final=BUY, 15m=8,30m=9,1h=10,4h=0,1d=3, combined=37, retest=None"}
{"time": "2025-01-31 13:04:16,836", "level": "INFO", "module": "logging_setup", "funcName": "log", "message": "[XRPUSDT] => final=BUY, 15m=8,30m=9,1h=10,4h=0,1d=3, combined=37, retest=None"}
{"time": "2025-01-31 13:04:17,070", "level": "ERROR", "module": "logging_setup", "funcName": "log", "message": "[get_balance] => unknown => ('Connection aborted.', RemoteDisconnected('Remote end closed connection without response'))\nTraceback (most recent call last):\n  File \"/Users/user/Documents/Binance-Trading-Bot-main/.venv/lib/python3.10/site-packages/urllib3/connectionpool.py\", line 787, in urlopen\n    response = self._make_request(\n  File \"/Users/user/Documents/Binance-Trading-Bot-main/.venv/lib/python3.10/site-packages/urllib3/connectionpool.py\", line 534, in _make_request\n    response = conn.getresponse()\n  File \"/Users/user/Documents/Binance-Trading-Bot-main/.venv/lib/python3.10/site-packages/urllib3/connection.py\", line 516, in getresponse\n    httplib_response = super().getresponse()\n  File \"/usr/local/Cellar/python@3.10/3.10.16/Frameworks/Python.framework/Versions/3.10/lib/python3.10/http/client.py\", line 1375, in getresponse\n    response.begin()\n  File \"/usr/local/Cellar/python@3.10/3.10.16/Frameworks/Python.framework/Versions/3.10/lib/python3.10/http/client.py\", line 318, in begin\n    version, status, reason = self._read_status()\n  File \"/usr/local/Cellar/python@3.10/3.10.16/Frameworks/Python.framework/Versions/3.10/lib/python3.10/http/client.py\", line 287, in _read_status\n    raise RemoteDisconnected(\"Remote end closed connection without\"\nhttp.client.RemoteDisconnected: Remote end closed connection without response\n\nDuring handling of the above exception, another exception occurred:\n\nTraceback (most recent call last):\n  File \"/Users/user/Documents/Binance-Trading-Bot-main/.venv/lib/python3.10/site-packages/requests/adapters.py\", line 667, in send\n    resp = conn.urlopen(\n  File \"/Users/user/Documents/Binance-Trading-Bot-main/.venv/lib/python3.10/site-packages/urllib3/connectionpool.py\", line 841, in urlopen\n    retries = retries.increment(\n  File \"/Users/user/Documents/Binance-Trading-Bot-main/.venv/lib/python3.10/site-packages/urllib3/util/retry.py\", line 474, in increment\n    raise reraise(type(error), error, _stacktrace)\n  File \"/Users/user/Documents/Binance-Trading-Bot-main/.venv/lib/python3.10/site-packages/urllib3/util/util.py\", line 38, in reraise\n    raise value.with_traceback(tb)\n  File \"/Users/user/Documents/Binance-Trading-Bot-main/.venv/lib/python3.10/site-packages/urllib3/connectionpool.py\", line 787, in urlopen\n    response = self._make_request(\n  File \"/Users/user/Documents/Binance-Trading-Bot-main/.venv/lib/python3.10/site-packages/urllib3/connectionpool.py\", line 534, in _make_request\n    response = conn.getresponse()\n  File \"/Users/user/Documents/Binance-Trading-Bot-main/.venv/lib/python3.10/site-packages/urllib3/connection.py\", line 516, in getresponse\n    httplib_response = super().getresponse()\n  File \"/usr/local/Cellar/python@3.10/3.10.16/Frameworks/Python.framework/Versions/3.10/lib/python3.10/http/client.py\", line 1375, in getresponse\n    response.begin()\n  File \"/usr/local/Cellar/python@3.10/3.10.16/Frameworks/Python.framework/Versions/3.10/lib/python3.10/http/client.py\", line 318, in begin\n    version, status, reason = self._read_status()\n  File \"/usr/local/Cellar/python@3.10/3.10.16/Frameworks/Python.framework/Versions/3.10/lib/python3.10/http/client.py\", line 287, in _read_status\n    raise RemoteDisconnected(\"Remote end closed connection without\"\nurllib3.exceptions.ProtocolError: ('Connection aborted.', RemoteDisconnected('Remote end closed connection without response'))\n\nDuring handling of the above exception, another exception occurred:\n\nTraceback (most recent call last):\n  File \"/Users/user/Documents/Binance-Trading-Bot-main/advanced_bot2/exchange_clients/binance_spot_manager_async.py\", line 148, in get_balance\n    bal_info = await self._call_sync(self.client.get_asset_balance, asset=asset)\n  File \"/Users/user/Documents/Binance-Trading-Bot-main/advanced_bot2/exchange_clients/binance_spot_manager_async.py\", line 57, in _call_sync\n    return await loop.run_in_executor(self._executor, lambda: func(*args, **kwargs))\n  File \"/usr/local/Cellar/python@3.10/3.10.16/Frameworks/Python.framework/Versions/3.10/lib/python3.10/concurrent/futures/thread.py\", line 58, in run\n    result = self.fn(*self.args, **self.kwargs)\n  File \"/Users/user/Documents/Binance-Trading-Bot-main/advanced_bot2/exchange_clients/binance_spot_manager_async.py\", line 57, in <lambda>\n    return await loop.run_in_executor(self._executor, lambda: func(*args, **kwargs))\n  File \"/Users/user/Documents/Binance-Trading-Bot-main/.venv/lib/python3.10/site-packages/binance/client.py\", line 2059, in get_asset_balance\n    res = self.get_account(**params)\n  File \"/Users/user/Documents/Binance-Trading-Bot-main/.venv/lib/python3.10/site-packages/binance/client.py\", line 2036, in get_account\n    return self._get(\"account\", True, data=params)\n  File \"/Users/user/Documents/Binance-Trading-Bot-main/.venv/lib/python3.10/site-packages/binance/client.py\", line 176, in _get\n    return self._request_api(\"get\", path, signed, version, **kwargs)\n  File \"/Users/user/Documents/Binance-Trading-Bot-main/.venv/lib/python3.10/site-packages/binance/client.py\", line 113, in _request_api\n    return self._request(method, uri, signed, **kwargs)\n  File \"/Users/user/Documents/Binance-Trading-Bot-main/.venv/lib/python3.10/site-packages/binance/client.py\", line 88, in _request\n    self.response = getattr(self.session, method)(uri, headers=headers, data=data, **kwargs)\n  File \"/Users/user/Documents/Binance-Trading-Bot-main/.venv/lib/python3.10/site-packages/requests/sessions.py\", line 602, in get\n    return self.request(\"GET\", url, **kwargs)\n  File \"/Users/user/Documents/Binance-Trading-Bot-main/.venv/lib/python3.10/site-packages/requests/sessions.py\", line 589, in request\n    resp = self.send(prep, **send_kwargs)\n  File \"/Users/user/Documents/Binance-Trading-Bot-main/.venv/lib/python3.10/site-packages/requests/sessions.py\", line 703, in send\n    r = adapter.send(request, **kwargs)\n  File \"/Users/user/Documents/Binance-Trading-Bot-main/.venv/lib/python3.10/site-packages/requests/adapters.py\", line 682, in send\n    raise ConnectionError(err, request=request)\nrequests.exceptions.ConnectionError: ('Connection aborted.', RemoteDisconnected('Remote end closed connection without response'))\n"}
{"time": "2025-01-31 13:04:17,070", "level": "WARNING", "module": "logging_setup", "funcName": "log", "message": "[DDCheck] => drawdown=100.00%>15.00% => closeAll"}
{"time": "2025-01-31 13:04:23,413", "level": "INFO", "module": "logging_setup", "funcName": "log", "message": "[XRPUSDT] => final=BUY, 15m=8,30m=9,1h=10,4h=0,1d=3, combined=37, retest=None"}
{"time": "2025-01-31 13:04:25,937", "level": "INFO", "module": "logging_setup", "funcName": "log", "message": "[XRPUSDT] => final=BUY, 15m=8,30m=9,1h=10,4h=0,1d=3, combined=37, retest=None"}
{"time": "2025-01-31 13:04:28,241", "level": "INFO", "module": "logging_setup", "funcName": "log", "message": "[XRPUSDT] => final=BUY, 15m=8,30m=9,1h=10,4h=0,1d=3, combined=37, retest=None"}
{"time": "2025-01-31 13:04:30,281", "level": "INFO", "module": "logging_setup", "funcName": "log", "message": "[XRPUSDT] => final=BUY, 15m=8,30m=9,1h=10,4h=0,1d=3, combined=37, retest=None"}
{"time": "2025-01-31 13:04:32,139", "level": "INFO", "module": "logging_setup", "funcName": "log", "message": "[XRPUSDT] => final=BUY, 15m=8,30m=9,1h=10,4h=0,1d=3, combined=37, retest=None"}
{"time": "2025-01-31 13:04:34,327", "level": "INFO", "module": "logging_setup", "funcName": "log", "message": "[XRPUSDT] => final=BUY, 15m=8,30m=9,1h=10,4h=0,1d=3, combined=37, retest=None"}
{"time": "2025-01-31 13:04:38,175", "level": "INFO", "module": "logging_setup", "funcName": "log", "message": "[XRPUSDT] => final=BUY, 15m=8,30m=9,1h=10,4h=0,1d=3, combined=37, retest=None"}
{"time": "2025-01-31 13:04:40,815", "level": "INFO", "module": "logging_setup", "funcName": "log", "message": "[XRPUSDT] => final=BUY, 15m=8,30m=9,1h=10,4h=0,1d=3, combined=37, retest=None"}
{"time": "2025-01-31 13:04:43,760", "level": "INFO", "module": "logging_setup", "funcName": "log", "message": "[XRPUSDT] => final=BUY, 15m=8,30m=9,1h=10,4h=0,1d=3, combined=37, retest=None"}
{"time": "2025-01-31 13:04:46,235", "level": "INFO", "module": "logging_setup", "funcName": "log", "message": "[XRPUSDT] => final=BUY, 15m=8,30m=9,1h=10,4h=0,1d=3, combined=37, retest=None"}
{"time": "2025-01-31 13:04:48,624", "level": "INFO", "module": "logging_setup", "funcName": "log", "message": "[XRPUSDT] => final=BUY, 15m=8,30m=9,1h=10,4h=0,1d=3, combined=37, retest=None"}
{"time": "2025-01-31 13:04:50,696", "level": "INFO", "module": "logging_setup", "funcName": "log", "message": "[XRPUSDT] => final=BUY, 15m=8,30m=9,1h=10,4h=0,1d=3, combined=37, retest=None"}
{"time": "2025-01-31 13:04:52,713", "level": "INFO", "module": "logging_setup", "funcName": "log", "message": "[XRPUSDT] => final=BUY, 15m=8,30m=9,1h=10,4h=0,1d=3, combined=37, retest=None"}
{"time": "2025-01-31 13:04:55,297", "level": "INFO", "module": "logging_setup", "funcName": "log", "message": "[XRPUSDT] => final=BUY, 15m=8,30m=9,1h=10,4h=0,1d=3, combined=37, retest=None"}
{"time": "2025-01-31 13:04:57,326", "level": "INFO", "module": "logging_setup", "funcName": "log", "message": "[XRPUSDT] => final=BUY, 15m=8,30m=9,1h=10,4h=0,1d=3, combined=37, retest=None"}
{"time": "2025-01-31 13:04:59,246", "level": "INFO", "module": "logging_setup", "funcName": "log", "message": "[XRPUSDT] => final=BUY, 15m=8,30m=9,1h=10,4h=0,1d=3, combined=37, retest=None"}
{"time": "2025-01-31 13:05:01,981", "level": "INFO", "module": "logging_setup", "funcName": "log", "message": "[XRPUSDT] => final=BUY, 15m=8,30m=9,1h=10,4h=0,1d=3, combined=37, retest=None"}
{"time": "2025-01-31 13:05:04,481", "level": "INFO", "module": "logging_setup", "funcName": "log", "message": "[XRPUSDT] => final=BUY, 15m=8,30m=9,1h=10,4h=0,1d=3, combined=37, retest=None"}
{"time": "2025-01-31 13:05:06,688", "level": "INFO", "module": "logging_setup", "funcName": "log", "message": "[XRPUSDT] => final=BUY, 15m=8,30m=9,1h=10,4h=0,1d=3, combined=37, retest=None"}
{"time": "2025-01-31 13:05:15,640", "level": "INFO", "module": "logging_setup", "funcName": "log", "message": "[XRPUSDT] => final=BUY, 15m=8,30m=9,1h=10,4h=0,1d=3, combined=37, retest=None"}
{"time": "2025-01-31 13:05:17,562", "level": "INFO", "module": "logging_setup", "funcName": "log", "message": "[XRPUSDT] => final=BUY, 15m=8,30m=9,1h=10,4h=0,1d=3, combined=37, retest=None"}
{"time": "2025-01-31 13:05:19,678", "level": "INFO", "module": "logging_setup", "funcName": "log", "message": "[XRPUSDT] => final=BUY, 15m=8,30m=9,1h=10,4h=0,1d=3, combined=37, retest=None"}
